<?xml version="1.0" encoding="UTF-8"?>
<testng-results skipped="0" failed="0" total="1" passed="1">
  <reporter-output>
  </reporter-output>
  <suite name="Capella UI Jan Releast Test" duration-ms="85746" started-at="2017-01-10T03:27:19Z" finished-at="2017-01-10T03:28:44Z">
    <groups>
    </groups>
    <test name="UISmokeTest" duration-ms="85746" started-at="2017-01-10T03:27:19Z" finished-at="2017-01-10T03:28:44Z">
      <class name="com.vh.ui.tests.LoginTest">
        <test-method status="PASS" signature="verify_SuccessfulLogin()[pri:0, instance:com.vh.ui.tests.LoginTest@2b8bd798]" name="verify_SuccessfulLogin" duration-ms="81148" started-at="2017-01-09T21:27:19Z" finished-at="2017-01-09T21:28:40Z">
          <reporter-output>
          </reporter-output>
        </test-method> <!-- verify_SuccessfulLogin -->
        <test-method status="PASS" signature="afterTest(java.lang.reflect.Method, org.testng.ITestResult)[pri:0, instance:com.vh.ui.tests.LoginTest@2b8bd798]" name="afterTest" is-config="true" duration-ms="20" started-at="2017-01-09T21:28:40Z" finished-at="2017-01-09T21:28:40Z">
          <params>
            <param index="0">
              <value>
                <![CDATA[public void com.vh.ui.tests.LoginTest.verify_SuccessfulLogin() throws com.vh.ui.exceptions.WaitException,com.vh.ui.exceptions.URLNavigationException,java.lang.InterruptedException]]>
              </value>
            </param>
            <param index="1">
              <value>
                <![CDATA[[TestResult name=verify_SuccessfulLogin status=SUCCESS method=LoginTest.verify_SuccessfulLogin()[pri:0, instance:com.vh.ui.tests.LoginTest@2b8bd798] output={null}]]]>
              </value>
            </param>
          </params>
          <reporter-output>
          </reporter-output>
        </test-method> <!-- afterTest -->
        <test-method status="PASS" signature="tearDown()[pri:0, instance:com.vh.ui.tests.LoginTest@2b8bd798]" name="tearDown" is-config="true" duration-ms="4490" started-at="2017-01-09T21:28:40Z" finished-at="2017-01-09T21:28:44Z">
          <reporter-output>
          </reporter-output>
        </test-method> <!-- tearDown -->
      </class> <!-- com.vh.ui.tests.LoginTest -->
    </test> <!-- UISmokeTest -->
  </suite> <!-- Capella UI Jan Releast Test -->
</testng-results>
