<?xml version="1.0" encoding="UTF-8"?>
<!-- Generated by org.testng.reporters.JUnitXMLReporter -->
<testsuite hostname="WINDOWS-QR0QHM0" name="UISmokeTest" tests="5" failures="0" timestamp="30 Nov 2016 19:27:26 GMT" time="39.44" errors="0">
  <testcase name="launchApplication" time="36.034" classname="com.vh.ui.tests.Login_LogoutTest"/>
  <testcase name="verifyUserNameTextField" time="0.35" classname="com.vh.ui.tests.Login_LogoutTest"/>
  <testcase name="verifyPasswordTextField" time="0.145" classname="com.vh.ui.tests.Login_LogoutTest"/>
  <testcase name="verifyTokenTextField" time="0.132" classname="com.vh.ui.tests.Login_LogoutTest"/>
  <testcase name="validateLogin" time="2.638" classname="com.vh.ui.tests.Login_LogoutTest"/>
</testsuite> <!-- UISmokeTest -->
