<?xml version="1.0" encoding="UTF-8"?>
<testng-results skipped="0" failed="0" total="2" passed="2">
  <reporter-output>
  </reporter-output>
  <suite name="APITesting" duration-ms="17112" started-at="2017-01-11T22:18:11Z" finished-at="2017-01-11T22:18:28Z">
    <groups>
    </groups>
    <test name="APIPPOC" duration-ms="17112" started-at="2017-01-11T22:18:11Z" finished-at="2017-01-11T22:18:28Z">
      <class name="com.vh.api.test.CKDTest">
        <test-method status="PASS" signature="ckdAuthorize()[pri:0, instance:com.vh.api.test.CKDTest@3f628ce9]" name="ckdAuthorize" is-config="true" duration-ms="28" started-at="2017-01-11T16:18:11Z" finished-at="2017-01-11T16:18:11Z">
          <reporter-output>
          </reporter-output>
        </test-method> <!-- ckdAuthorize -->
        <test-method status="PASS" signature="getTermDetails(java.lang.String, java.lang.String)[pri:0, instance:com.vh.api.test.CKDTest@3f628ce9]" name="getTermDetails" duration-ms="16332" started-at="2017-01-11T16:18:11Z" data-provider="memDetails" finished-at="2017-01-11T16:18:28Z">
          <params>
            <param index="0">
              <value>
                <![CDATA[213544]]>
              </value>
            </param>
            <param index="1">
              <value>
                <![CDATA[NERMS]]>
              </value>
            </param>
          </params>
          <reporter-output>
          </reporter-output>
        </test-method> <!-- getTermDetails -->
        <test-method status="PASS" signature="getTermDetails(java.lang.String, java.lang.String)[pri:0, instance:com.vh.api.test.CKDTest@3f628ce9]" name="getTermDetails" duration-ms="686" started-at="2017-01-11T16:18:28Z" data-provider="memDetails" finished-at="2017-01-11T16:18:28Z">
          <params>
            <param index="0">
              <value>
                <![CDATA[99999]]>
              </value>
            </param>
            <param index="1">
              <value>
                <![CDATA[UNRCH]]>
              </value>
            </param>
          </params>
          <reporter-output>
          </reporter-output>
        </test-method> <!-- getTermDetails -->
      </class> <!-- com.vh.api.test.CKDTest -->
    </test> <!-- APIPPOC -->
  </suite> <!-- APITesting -->
</testng-results>
