<?xml version="1.0" encoding="UTF-8"?>
<!-- Generated by org.testng.reporters.JUnitXMLReporter -->
<testsuite hostname="DVA-F0L9N9R-L" name="Test" tests="5" failures="0" timestamp="14 Jun 2017 20:08:35 GMT" time="133.476" errors="0">
  <testcase name="verify_MedicalEquipmentPage" time="2.039" classname="com.vh.ui.tests.MedicalEquipmentTest"/>
  <testcase name="verify_AddMedicalEquipmentPopup" time="19.919" classname="com.vh.ui.tests.MedicalEquipmentTest"/>
  <testcase name="AddMedicalEquipment" time="4.711" classname="com.vh.ui.tests.MedicalEquipmentTest"/>
  <testcase name="verify_EditableFields" time="4.317" classname="com.vh.ui.tests.MedicalEquipmentTest"/>
  <testcase name="verify_ColumnSorting" time="38.868" classname="com.vh.ui.tests.MedicalEquipmentTest"/>
</testsuite> <!-- Test -->
