<?xml version="1.0" encoding="UTF-8"?>
<!-- Generated by org.testng.reporters.JUnitXMLReporter -->
<testsuite hostname="DVA-F0L9N9R-L" name="UISmokeTest" tests="3" failures="1" timestamp="15 May 2017 15:51:27 GMT" time="173.716" errors="0">
  <testcase name="@AfterClass tearDown" time="0.0" classname="com.vh.ui.tests.LoginTest">
    <failure type="org.openqa.selenium.NoSuchElementException" message="Unable to find element with xpath == //button[text()=&amp;apos;Logout&amp;apos;] (WARNING: The server did not provide any stacktrace information)
Command duration or timeout: 358 milliseconds
For documentation on this error, please visit: http://seleniumhq.org/exceptions/no_such_element.html
Build info: version: &amp;apos;2.53.0&amp;apos;, revision: &amp;apos;35ae25b1534ae328c771e0856c93e187490ca824&amp;apos;, time: &amp;apos;2016-03-15 10:43:46&amp;apos;
System info: host: &amp;apos;DVA-F0L9N9R-L&amp;apos;, ip: &amp;apos;172.16.128.184&amp;apos;, os.name: &amp;apos;Windows 8.1&amp;apos;, os.arch: &amp;apos;amd64&amp;apos;, os.version: &amp;apos;6.3&amp;apos;, java.version: &amp;apos;1.8.0_131&amp;apos;
Driver info: org.openqa.selenium.ie.InternetExplorerDriver
Capabilities [{browserAttachTimeout=0, ie.enableFullPageScreenshot=true, enablePersistentHover=true, ie.forceCreateProcessApi=false, ie.forceShellWindowsApi=false, pageLoadStrategy=normal, ignoreZoomSetting=false, ie.fileUploadDialogTimeout=3000, version=11, platform=WINDOWS, proxy={proxyType=}, nativeEvents=true, ie.ensureCleanSession=false, elementScrollBehavior=0, ie.browserCommandLineSwitches=, requireWindowFocus=false, browserName=internet explorer, initialBrowserUrl=http://localhost:45880/, javascriptEnabled=true, ignoreProtectedModeSettings=false, enableElementCacheCleanup=true, unexpectedAlertBehaviour=dismiss}]
Session ID: d5e5536a-d5e6-449a-89f2-19cf26c877d9
*** Element info: {Using=xpath, value=//button[text()=&amp;apos;Logout&amp;apos;]}">
      <![CDATA[org.openqa.selenium.NoSuchElementException: Unable to find element with xpath == //button[text()='Logout'] (WARNING: The server did not provide any stacktrace information)
Command duration or timeout: 358 milliseconds
For documentation on this error, please visit: http://seleniumhq.org/exceptions/no_such_element.html
Build info: version: '2.53.0', revision: '35ae25b1534ae328c771e0856c93e187490ca824', time: '2016-03-15 10:43:46'
System info: host: 'DVA-F0L9N9R-L', ip: '172.16.128.184', os.name: 'Windows 8.1', os.arch: 'amd64', os.version: '6.3', java.version: '1.8.0_131'
Driver info: org.openqa.selenium.ie.InternetExplorerDriver
Capabilities [{browserAttachTimeout=0, ie.enableFullPageScreenshot=true, enablePersistentHover=true, ie.forceCreateProcessApi=false, ie.forceShellWindowsApi=false, pageLoadStrategy=normal, ignoreZoomSetting=false, ie.fileUploadDialogTimeout=3000, version=11, platform=WINDOWS, proxy={proxyType=}, nativeEvents=true, ie.ensureCleanSession=false, elementScrollBehavior=0, ie.browserCommandLineSwitches=, requireWindowFocus=false, browserName=internet explorer, initialBrowserUrl=http://localhost:45880/, javascriptEnabled=true, ignoreProtectedModeSettings=false, enableElementCacheCleanup=true, unexpectedAlertBehaviour=dismiss}]
Session ID: d5e5536a-d5e6-449a-89f2-19cf26c877d9
*** Element info: {Using=xpath, value=//button[text()='Logout']}
	at org.openqa.selenium.remote.ErrorHandler.createThrowable(ErrorHandler.java:206)
	at org.openqa.selenium.remote.ErrorHandler.throwIfResponseFailed(ErrorHandler.java:158)
	at org.openqa.selenium.remote.RemoteWebDriver.execute(RemoteWebDriver.java:678)
	at org.openqa.selenium.remote.RemoteWebDriver.findElement(RemoteWebDriver.java:363)
	at org.openqa.selenium.remote.RemoteWebDriver.findElementByXPath(RemoteWebDriver.java:500)
	at org.openqa.selenium.By$ByXPath.findElement(By.java:361)
	at org.openqa.selenium.remote.RemoteWebDriver.findElement(RemoteWebDriver.java:355)
	at com.vh.ui.actions.WebActions.javascriptClick(WebActions.java:528)
	at com.vh.ui.actions.ApplicationFunctions.capellaLogOut(ApplicationFunctions.java:98)
	at com.vh.ui.tests.LoginTest.tearDown(LoginTest.java:111)
... Removed 27 stack frames]]>
    </failure>
  </testcase> <!-- @AfterClass tearDown -->
  <testcase name="verify_InvalidUserName" time="42.604" classname="com.vh.ui.tests.LoginTest"/>
  <testcase name="verify_InvalidPassword" time="37.988" classname="com.vh.ui.tests.LoginTest"/>
  <testcase name="verify_SuccessfulLogin" time="86.73" classname="com.vh.ui.tests.LoginTest">
    <failure type="org.openqa.selenium.UnhandledAlertException" message="Modal dialog present: Unsaved patient contacts from your last session have been retrieved and loaded. Please review and save these contacts before logging out. 
Build info: version: &amp;apos;2.53.0&amp;apos;, revision: &amp;apos;35ae25b1534ae328c771e0856c93e187490ca824&amp;apos;, time: &amp;apos;2016-03-15 10:43:46&amp;apos;
System info: host: &amp;apos;DVA-F0L9N9R-L&amp;apos;, ip: &amp;apos;172.16.128.184&amp;apos;, os.name: &amp;apos;Windows 8.1&amp;apos;, os.arch: &amp;apos;amd64&amp;apos;, os.version: &amp;apos;6.3&amp;apos;, java.version: &amp;apos;1.8.0_131&amp;apos;
Driver info: org.openqa.selenium.ie.InternetExplorerDriver
Capabilities [{browserAttachTimeout=0, ie.enableFullPageScreenshot=true, enablePersistentHover=true, ie.forceCreateProcessApi=false, ie.forceShellWindowsApi=false, pageLoadStrategy=normal, ignoreZoomSetting=false, ie.fileUploadDialogTimeout=3000, version=11, platform=WINDOWS, proxy={proxyType=}, nativeEvents=true, ie.ensureCleanSession=false, elementScrollBehavior=0, ie.browserCommandLineSwitches=, requireWindowFocus=false, browserName=internet explorer, initialBrowserUrl=http://localhost:45880/, javascriptEnabled=true, ignoreProtectedModeSettings=false, enableElementCacheCleanup=true, unexpectedAlertBehaviour=dismiss}]
Session ID: d5e5536a-d5e6-449a-89f2-19cf26c877d9
*** Element info: {Using=xpath, value=//button[contains(., &amp;apos;ADD TO CONTACTS&amp;apos;)]}">
      <![CDATA[org.openqa.selenium.UnhandledAlertException: Modal dialog present: Unsaved patient contacts from your last session have been retrieved and loaded. Please review and save these contacts before logging out. 
Build info: version: '2.53.0', revision: '35ae25b1534ae328c771e0856c93e187490ca824', time: '2016-03-15 10:43:46'
System info: host: 'DVA-F0L9N9R-L', ip: '172.16.128.184', os.name: 'Windows 8.1', os.arch: 'amd64', os.version: '6.3', java.version: '1.8.0_131'
Driver info: org.openqa.selenium.ie.InternetExplorerDriver
Capabilities [{browserAttachTimeout=0, ie.enableFullPageScreenshot=true, enablePersistentHover=true, ie.forceCreateProcessApi=false, ie.forceShellWindowsApi=false, pageLoadStrategy=normal, ignoreZoomSetting=false, ie.fileUploadDialogTimeout=3000, version=11, platform=WINDOWS, proxy={proxyType=}, nativeEvents=true, ie.ensureCleanSession=false, elementScrollBehavior=0, ie.browserCommandLineSwitches=, requireWindowFocus=false, browserName=internet explorer, initialBrowserUrl=http://localhost:45880/, javascriptEnabled=true, ignoreProtectedModeSettings=false, enableElementCacheCleanup=true, unexpectedAlertBehaviour=dismiss}]
Session ID: d5e5536a-d5e6-449a-89f2-19cf26c877d9
*** Element info: {Using=xpath, value=//button[contains(., 'ADD TO CONTACTS')]}
	at org.openqa.selenium.remote.ErrorHandler.createThrowable(ErrorHandler.java:206)
	at org.openqa.selenium.remote.ErrorHandler.createUnhandledAlertException(ErrorHandler.java:187)
	at org.openqa.selenium.remote.ErrorHandler.throwIfResponseFailed(ErrorHandler.java:154)
	at org.openqa.selenium.remote.RemoteWebDriver.execute(RemoteWebDriver.java:678)
	at org.openqa.selenium.remote.RemoteWebDriver.findElement(RemoteWebDriver.java:363)
	at org.openqa.selenium.remote.RemoteWebDriver.findElementByXPath(RemoteWebDriver.java:500)
	at org.openqa.selenium.By$ByXPath.findElement(By.java:361)
	at org.openqa.selenium.remote.RemoteWebDriver.findElement(RemoteWebDriver.java:355)
	at com.vh.ui.waits.WebDriverWaits$1.apply(WebDriverWaits.java:190)
	at com.vh.ui.waits.WebDriverWaits$1.apply(WebDriverWaits.java:1)
	at org.openqa.selenium.support.ui.FluentWait.until(FluentWait.java:238)
	at com.vh.ui.waits.WebDriverWaits.checkForElementVisibility(WebDriverWaits.java:188)
	at com.vh.ui.actions.WebActions.getVisibiltyOfElementLocatedBy(WebActions.java:467)
	at com.vh.ui.pages.MyPatientsPage.viewMyPatientsPage(MyPatientsPage.java:27)
	at com.vh.ui.tests.LoginTest.verify_SuccessfulLogin(LoginTest.java:101)
... Removed 28 stack frames]]>
    </failure>
  </testcase> <!-- verify_SuccessfulLogin -->
</testsuite> <!-- UISmokeTest -->
