<?xml version="1.0" encoding="UTF-8"?>
<testng-results skipped="0" failed="0" total="3" passed="3">
  <reporter-output>
  </reporter-output>
  <suite name="Default suite" duration-ms="180138" started-at="2017-05-17T19:52:13Z" finished-at="2017-05-17T19:55:13Z">
    <groups>
    </groups>
    <test name="Default test" duration-ms="180138" started-at="2017-05-17T19:52:13Z" finished-at="2017-05-17T19:55:13Z">
      <class name="com.vh.ui.tests.MedicalEquipmentTest">
        <test-method status="PASS" signature="buildUp()[pri:0, instance:com.vh.ui.tests.MedicalEquipmentTest@3f81621c]" name="buildUp" is-config="true" duration-ms="161596" started-at="2017-05-17T14:52:13Z" finished-at="2017-05-17T14:54:55Z">
          <reporter-output>
          </reporter-output>
        </test-method> <!-- buildUp -->
        <test-method status="PASS" signature="verify_PageDisplayed()[pri:1, instance:com.vh.ui.tests.MedicalEquipmentTest@3f81621c]" name="verify_PageDisplayed" duration-ms="459" started-at="2017-05-17T14:54:55Z" finished-at="2017-05-17T14:54:55Z">
          <reporter-output>
          </reporter-output>
        </test-method> <!-- verify_PageDisplayed -->
        <test-method status="PASS" signature="afterTest(java.lang.reflect.Method, org.testng.ITestResult)[pri:0, instance:com.vh.ui.tests.MedicalEquipmentTest@3f81621c]" name="afterTest" is-config="true" duration-ms="3" started-at="2017-05-17T14:54:55Z" finished-at="2017-05-17T14:54:55Z">
          <params>
            <param index="0">
              <value>
                <![CDATA[public void com.vh.ui.tests.MedicalEquipmentTest.verify_PageDisplayed() throws com.vh.ui.exceptions.WaitException,com.vh.ui.exceptions.URLNavigationException,java.lang.InterruptedException]]>
              </value>
            </param>
            <param index="1">
              <value>
                <![CDATA[[TestResult name=verify_PageDisplayed status=SUCCESS method=MedicalEquipmentTest.verify_PageDisplayed()[pri:1, instance:com.vh.ui.tests.MedicalEquipmentTest@3f81621c] output={null}]]]>
              </value>
            </param>
          </params>
          <reporter-output>
          </reporter-output>
        </test-method> <!-- afterTest -->
        <test-method status="PASS" signature="verify_ColumnHeadersDisplayed()[pri:2, instance:com.vh.ui.tests.MedicalEquipmentTest@3f81621c]" name="verify_ColumnHeadersDisplayed" duration-ms="1958" started-at="2017-05-17T14:54:55Z" finished-at="2017-05-17T14:54:57Z">
          <reporter-output>
          </reporter-output>
        </test-method> <!-- verify_ColumnHeadersDisplayed -->
        <test-method status="PASS" signature="verify_AddMedicalEquipment()[pri:3, instance:com.vh.ui.tests.MedicalEquipmentTest@3f81621c]" name="verify_AddMedicalEquipment" duration-ms="14625" started-at="2017-05-17T14:54:57Z" finished-at="2017-05-17T14:55:12Z">
          <reporter-output>
          </reporter-output>
        </test-method> <!-- verify_AddMedicalEquipment -->
        <test-method status="PASS" signature="afterTest(java.lang.reflect.Method, org.testng.ITestResult)[pri:0, instance:com.vh.ui.tests.MedicalEquipmentTest@3f81621c]" name="afterTest" is-config="true" duration-ms="0" started-at="2017-05-17T14:54:57Z" finished-at="2017-05-17T14:54:57Z">
          <params>
            <param index="0">
              <value>
                <![CDATA[public void com.vh.ui.tests.MedicalEquipmentTest.verify_ColumnHeadersDisplayed() throws com.vh.ui.exceptions.WaitException,com.vh.ui.exceptions.URLNavigationException,java.lang.InterruptedException]]>
              </value>
            </param>
            <param index="1">
              <value>
                <![CDATA[[TestResult name=verify_ColumnHeadersDisplayed status=SUCCESS method=MedicalEquipmentTest.verify_ColumnHeadersDisplayed()[pri:2, instance:com.vh.ui.tests.MedicalEquipmentTest@3f81621c] output={null}]]]>
              </value>
            </param>
          </params>
          <reporter-output>
          </reporter-output>
        </test-method> <!-- afterTest -->
        <test-method status="PASS" signature="afterTest(java.lang.reflect.Method, org.testng.ITestResult)[pri:0, instance:com.vh.ui.tests.MedicalEquipmentTest@3f81621c]" name="afterTest" is-config="true" duration-ms="0" started-at="2017-05-17T14:55:12Z" finished-at="2017-05-17T14:55:12Z">
          <params>
            <param index="0">
              <value>
                <![CDATA[public void com.vh.ui.tests.MedicalEquipmentTest.verify_AddMedicalEquipment() throws com.vh.ui.exceptions.WaitException,com.vh.ui.exceptions.URLNavigationException,java.lang.InterruptedException]]>
              </value>
            </param>
            <param index="1">
              <value>
                <![CDATA[[TestResult name=verify_AddMedicalEquipment status=SUCCESS method=MedicalEquipmentTest.verify_AddMedicalEquipment()[pri:3, instance:com.vh.ui.tests.MedicalEquipmentTest@3f81621c] output={null}]]]>
              </value>
            </param>
          </params>
          <reporter-output>
          </reporter-output>
        </test-method> <!-- afterTest -->
        <test-method status="PASS" signature="tearDown()[pri:0, instance:com.vh.ui.tests.MedicalEquipmentTest@3f81621c]" name="tearDown" is-config="true" duration-ms="1365" started-at="2017-05-17T14:55:12Z" finished-at="2017-05-17T14:55:13Z">
          <reporter-output>
          </reporter-output>
        </test-method> <!-- tearDown -->
      </class> <!-- com.vh.ui.tests.MedicalEquipmentTest -->
    </test> <!-- Default test -->
  </suite> <!-- Default suite -->
</testng-results>
