<?xml version="1.0" encoding="UTF-8"?>
<testng-results skipped="0" failed="0" total="1" passed="1">
  <reporter-output>
  </reporter-output>
  <suite name="Default suite" duration-ms="66157" started-at="2017-06-28T17:29:56Z" finished-at="2017-06-28T17:31:03Z">
    <groups>
    </groups>
    <test name="Default test" duration-ms="66157" started-at="2017-06-28T17:29:56Z" finished-at="2017-06-28T17:31:03Z">
      <class name="com.vh.ui.tests.MyTasksTest">
        <test-method status="PASS" signature="buildUp()[pri:0, instance:com.vh.ui.tests.MyTasksTest@1ee27d73]" name="buildUp" is-config="true" duration-ms="37707" started-at="2017-06-28T12:29:56Z" finished-at="2017-06-28T12:30:34Z">
          <reporter-output>
          </reporter-output>
        </test-method> <!-- buildUp -->
        <test-method status="PASS" signature="verify_MyTasksPage()[pri:1, instance:com.vh.ui.tests.MyTasksTest@1ee27d73]" name="verify_MyTasksPage" duration-ms="28313" started-at="2017-06-28T12:30:34Z" finished-at="2017-06-28T12:31:03Z">
          <reporter-output>
          </reporter-output>
        </test-method> <!-- verify_MyTasksPage -->
        <test-method status="PASS" signature="afterTest(java.lang.reflect.Method, org.testng.ITestResult)[pri:0, instance:com.vh.ui.tests.MyTasksTest@1ee27d73]" name="afterTest" is-config="true" duration-ms="4" started-at="2017-06-28T12:31:03Z" finished-at="2017-06-28T12:31:03Z">
          <params>
            <param index="0">
              <value>
                <![CDATA[public void com.vh.ui.tests.MyTasksTest.verify_MyTasksPage() throws com.vh.ui.exceptions.WaitException,com.vh.ui.exceptions.URLNavigationException,java.lang.InterruptedException]]>
              </value>
            </param>
            <param index="1">
              <value>
                <![CDATA[[TestResult name=verify_MyTasksPage status=SUCCESS method=MyTasksTest.verify_MyTasksPage()[pri:1, instance:com.vh.ui.tests.MyTasksTest@1ee27d73] output={null}]]]>
              </value>
            </param>
          </params>
          <reporter-output>
          </reporter-output>
        </test-method> <!-- afterTest -->
        <test-method status="PASS" signature="tearDown()[pri:0, instance:com.vh.ui.tests.MyTasksTest@1ee27d73]" name="tearDown" is-config="true" duration-ms="0" started-at="2017-06-28T12:31:03Z" finished-at="2017-06-28T12:31:03Z">
          <reporter-output>
          </reporter-output>
        </test-method> <!-- tearDown -->
      </class> <!-- com.vh.ui.tests.MyTasksTest -->
    </test> <!-- Default test -->
  </suite> <!-- Default suite -->
</testng-results>
