<?xml version="1.0" encoding="UTF-8"?>
<testng-results skipped="0" failed="0" total="5" passed="5">
  <reporter-output>
  </reporter-output>
  <suite name="Default suite" duration-ms="133376" started-at="2017-06-08T18:44:05Z" finished-at="2017-06-08T18:46:18Z">
    <groups>
    </groups>
    <test name="Default test" duration-ms="133376" started-at="2017-06-08T18:44:05Z" finished-at="2017-06-08T18:46:18Z">
      <class name="com.vh.ui.tests.MedicalEquipmentTest">
        <test-method status="PASS" signature="buildUp()[pri:0, instance:com.vh.ui.tests.MedicalEquipmentTest@1fbf088b]" name="buildUp" is-config="true" duration-ms="74640" started-at="2017-06-08T13:44:05Z" finished-at="2017-06-08T13:45:20Z">
          <reporter-output>
          </reporter-output>
        </test-method> <!-- buildUp -->
        <test-method status="PASS" signature="verify_MedicalEquipmentPage()[pri:1, instance:com.vh.ui.tests.MedicalEquipmentTest@1fbf088b]" name="verify_MedicalEquipmentPage" duration-ms="1995" started-at="2017-06-08T13:45:20Z" finished-at="2017-06-08T13:45:22Z">
          <reporter-output>
          </reporter-output>
        </test-method> <!-- verify_MedicalEquipmentPage -->
        <test-method status="PASS" signature="afterTest(java.lang.reflect.Method, org.testng.ITestResult)[pri:0, instance:com.vh.ui.tests.MedicalEquipmentTest@1fbf088b]" name="afterTest" is-config="true" duration-ms="3" started-at="2017-06-08T13:45:22Z" finished-at="2017-06-08T13:45:22Z">
          <params>
            <param index="0">
              <value>
                <![CDATA[public void com.vh.ui.tests.MedicalEquipmentTest.verify_MedicalEquipmentPage() throws com.vh.ui.exceptions.WaitException,com.vh.ui.exceptions.URLNavigationException,java.lang.InterruptedException]]>
              </value>
            </param>
            <param index="1">
              <value>
                <![CDATA[[TestResult name=verify_MedicalEquipmentPage status=SUCCESS method=MedicalEquipmentTest.verify_MedicalEquipmentPage()[pri:1, instance:com.vh.ui.tests.MedicalEquipmentTest@1fbf088b] output={null}]]]>
              </value>
            </param>
          </params>
          <reporter-output>
          </reporter-output>
        </test-method> <!-- afterTest -->
        <test-method status="PASS" signature="verify_AddMedicalEquipmentPopup()[pri:2, instance:com.vh.ui.tests.MedicalEquipmentTest@1fbf088b]" name="verify_AddMedicalEquipmentPopup" duration-ms="12622" started-at="2017-06-08T13:45:22Z" finished-at="2017-06-08T13:45:34Z">
          <reporter-output>
          </reporter-output>
        </test-method> <!-- verify_AddMedicalEquipmentPopup -->
        <test-method status="PASS" signature="afterTest(java.lang.reflect.Method, org.testng.ITestResult)[pri:0, instance:com.vh.ui.tests.MedicalEquipmentTest@1fbf088b]" name="afterTest" is-config="true" duration-ms="1" started-at="2017-06-08T13:45:34Z" finished-at="2017-06-08T13:45:34Z">
          <params>
            <param index="0">
              <value>
                <![CDATA[public void com.vh.ui.tests.MedicalEquipmentTest.verify_AddMedicalEquipmentPopup() throws com.vh.ui.exceptions.WaitException,com.vh.ui.exceptions.URLNavigationException,java.lang.InterruptedException]]>
              </value>
            </param>
            <param index="1">
              <value>
                <![CDATA[[TestResult name=verify_AddMedicalEquipmentPopup status=SUCCESS method=MedicalEquipmentTest.verify_AddMedicalEquipmentPopup()[pri:2, instance:com.vh.ui.tests.MedicalEquipmentTest@1fbf088b] output={null}]]]>
              </value>
            </param>
          </params>
          <reporter-output>
          </reporter-output>
        </test-method> <!-- afterTest -->
        <test-method status="PASS" signature="AddMedicalEquipment()[pri:3, instance:com.vh.ui.tests.MedicalEquipmentTest@1fbf088b]" name="AddMedicalEquipment" duration-ms="10496" started-at="2017-06-08T13:45:34Z" finished-at="2017-06-08T13:45:45Z">
          <reporter-output>
          </reporter-output>
        </test-method> <!-- AddMedicalEquipment -->
        <test-method status="PASS" signature="verify_EditableFields()[pri:4, instance:com.vh.ui.tests.MedicalEquipmentTest@1fbf088b]" name="verify_EditableFields" duration-ms="3036" started-at="2017-06-08T13:45:45Z" finished-at="2017-06-08T13:45:48Z">
          <reporter-output>
          </reporter-output>
        </test-method> <!-- verify_EditableFields -->
        <test-method status="PASS" signature="afterTest(java.lang.reflect.Method, org.testng.ITestResult)[pri:0, instance:com.vh.ui.tests.MedicalEquipmentTest@1fbf088b]" name="afterTest" is-config="true" duration-ms="0" started-at="2017-06-08T13:45:45Z" finished-at="2017-06-08T13:45:45Z">
          <params>
            <param index="0">
              <value>
                <![CDATA[public void com.vh.ui.tests.MedicalEquipmentTest.AddMedicalEquipment() throws com.vh.ui.exceptions.WaitException,com.vh.ui.exceptions.URLNavigationException,java.lang.InterruptedException]]>
              </value>
            </param>
            <param index="1">
              <value>
                <![CDATA[[TestResult name=AddMedicalEquipment status=SUCCESS method=MedicalEquipmentTest.AddMedicalEquipment()[pri:3, instance:com.vh.ui.tests.MedicalEquipmentTest@1fbf088b] output={null}]]]>
              </value>
            </param>
          </params>
          <reporter-output>
          </reporter-output>
        </test-method> <!-- afterTest -->
        <test-method status="PASS" signature="afterTest(java.lang.reflect.Method, org.testng.ITestResult)[pri:0, instance:com.vh.ui.tests.MedicalEquipmentTest@1fbf088b]" name="afterTest" is-config="true" duration-ms="0" started-at="2017-06-08T13:45:48Z" finished-at="2017-06-08T13:45:48Z">
          <params>
            <param index="0">
              <value>
                <![CDATA[public void com.vh.ui.tests.MedicalEquipmentTest.verify_EditableFields() throws com.vh.ui.exceptions.WaitException,com.vh.ui.exceptions.URLNavigationException,java.lang.InterruptedException]]>
              </value>
            </param>
            <param index="1">
              <value>
                <![CDATA[[TestResult name=verify_EditableFields status=SUCCESS method=MedicalEquipmentTest.verify_EditableFields()[pri:4, instance:com.vh.ui.tests.MedicalEquipmentTest@1fbf088b] output={null}]]]>
              </value>
            </param>
          </params>
          <reporter-output>
          </reporter-output>
        </test-method> <!-- afterTest -->
        <test-method status="PASS" signature="verify_ColumnSorting()[pri:5, instance:com.vh.ui.tests.MedicalEquipmentTest@1fbf088b]" name="verify_ColumnSorting" duration-ms="30509" started-at="2017-06-08T13:45:48Z" finished-at="2017-06-08T13:46:18Z">
          <reporter-output>
          </reporter-output>
        </test-method> <!-- verify_ColumnSorting -->
        <test-method status="PASS" signature="tearDown()[pri:0, instance:com.vh.ui.tests.MedicalEquipmentTest@1fbf088b]" name="tearDown" is-config="true" duration-ms="0" started-at="2017-06-08T13:46:18Z" finished-at="2017-06-08T13:46:18Z">
          <reporter-output>
          </reporter-output>
        </test-method> <!-- tearDown -->
        <test-method status="PASS" signature="afterTest(java.lang.reflect.Method, org.testng.ITestResult)[pri:0, instance:com.vh.ui.tests.MedicalEquipmentTest@1fbf088b]" name="afterTest" is-config="true" duration-ms="0" started-at="2017-06-08T13:46:18Z" finished-at="2017-06-08T13:46:18Z">
          <params>
            <param index="0">
              <value>
                <![CDATA[public void com.vh.ui.tests.MedicalEquipmentTest.verify_ColumnSorting() throws com.vh.ui.exceptions.WaitException,com.vh.ui.exceptions.URLNavigationException,java.lang.InterruptedException]]>
              </value>
            </param>
            <param index="1">
              <value>
                <![CDATA[[TestResult name=verify_ColumnSorting status=SUCCESS method=MedicalEquipmentTest.verify_ColumnSorting()[pri:5, instance:com.vh.ui.tests.MedicalEquipmentTest@1fbf088b] output={null}]]]>
              </value>
            </param>
          </params>
          <reporter-output>
          </reporter-output>
        </test-method> <!-- afterTest -->
      </class> <!-- com.vh.ui.tests.MedicalEquipmentTest -->
    </test> <!-- Default test -->
  </suite> <!-- Default suite -->
</testng-results>
