<?xml version="1.0" encoding="UTF-8"?>
<testng-results skipped="0" failed="0" total="1" passed="1">
  <reporter-output>
  </reporter-output>
  <suite name="Default suite" duration-ms="70947" started-at="2017-06-30T18:32:50Z" finished-at="2017-06-30T18:34:01Z">
    <groups>
    </groups>
    <test name="Default test" duration-ms="70947" started-at="2017-06-30T18:32:50Z" finished-at="2017-06-30T18:34:01Z">
      <class name="com.vh.ui.tests.PatientNavigationTest">
        <test-method status="PASS" signature="buildUp()[pri:0, instance:com.vh.ui.tests.PatientNavigationTest@793d163b]" name="buildUp" is-config="true" duration-ms="62684" started-at="2017-06-30T13:32:50Z" finished-at="2017-06-30T13:33:53Z">
          <reporter-output>
          </reporter-output>
        </test-method> <!-- buildUp -->
        <test-method status="PASS" signature="verify_LeftNavigationPane()[pri:1, instance:com.vh.ui.tests.PatientNavigationTest@793d163b]" name="verify_LeftNavigationPane" duration-ms="8189" started-at="2017-06-30T13:33:53Z" finished-at="2017-06-30T13:34:01Z">
          <reporter-output>
          </reporter-output>
        </test-method> <!-- verify_LeftNavigationPane -->
        <test-method status="PASS" signature="afterTest(java.lang.reflect.Method, org.testng.ITestResult)[pri:0, instance:com.vh.ui.tests.PatientNavigationTest@793d163b]" name="afterTest" is-config="true" duration-ms="2" started-at="2017-06-30T13:34:01Z" finished-at="2017-06-30T13:34:01Z">
          <params>
            <param index="0">
              <value>
                <![CDATA[public void com.vh.ui.tests.PatientNavigationTest.verify_LeftNavigationPane() throws com.vh.ui.exceptions.WaitException,com.vh.ui.exceptions.URLNavigationException,java.lang.InterruptedException]]>
              </value>
            </param>
            <param index="1">
              <value>
                <![CDATA[[TestResult name=verify_LeftNavigationPane status=SUCCESS method=PatientNavigationTest.verify_LeftNavigationPane()[pri:1, instance:com.vh.ui.tests.PatientNavigationTest@793d163b] output={null}]]]>
              </value>
            </param>
          </params>
          <reporter-output>
          </reporter-output>
        </test-method> <!-- afterTest -->
        <test-method status="PASS" signature="tearDown()[pri:0, instance:com.vh.ui.tests.PatientNavigationTest@793d163b]" name="tearDown" is-config="true" duration-ms="1" started-at="2017-06-30T13:34:01Z" finished-at="2017-06-30T13:34:01Z">
          <reporter-output>
          </reporter-output>
        </test-method> <!-- tearDown -->
      </class> <!-- com.vh.ui.tests.PatientNavigationTest -->
    </test> <!-- Default test -->
  </suite> <!-- Default suite -->
</testng-results>
