<?xml version="1.0" encoding="UTF-8"?>
<testng-results skipped="0" failed="0" total="2" passed="2">
  <reporter-output>
  </reporter-output>
  <suite name="Default suite" duration-ms="326978" started-at="2017-07-12T16:21:17Z" finished-at="2017-07-12T16:26:44Z">
    <groups>
    </groups>
    <test name="Default test" duration-ms="326978" started-at="2017-07-12T16:21:17Z" finished-at="2017-07-12T16:26:44Z">
      <class name="com.vh.ui.tests.CurrentLabsTest">
        <test-method status="PASS" signature="buildUp()[pri:0, instance:com.vh.ui.tests.CurrentLabsTest@2a0b901c]" name="buildUp" is-config="true" duration-ms="88324" started-at="2017-07-12T11:21:17Z" finished-at="2017-07-12T11:22:45Z">
          <reporter-output>
          </reporter-output>
        </test-method> <!-- buildUp -->
        <test-method status="PASS" signature="verify_AddingLabs(java.util.Map)[pri:4, instance:com.vh.ui.tests.CurrentLabsTest@2a0b901c]" name="verify_AddingLabs" duration-ms="86180" started-at="2017-07-12T11:24:23Z" data-provider="CapellaDataProvider" finished-at="2017-07-12T11:25:49Z">
          <params>
            <param index="0">
              <value>
                <![CDATA[{DIPSTICKFORPROTEIN=Negative, CO2LEVEL=25, PTH=500, TestScenario=CKD, KTV=1.5, URINEALBUMINCREATININERATIO=15, CALCIUMXPHOSPHOROUS=45, GFR=70, HEPATITISBTITER=50, HGBA1C=6, URR=70, LDL=50, TSAT=50, TARGETDRYWEIGHT=77.11, CALCIUM=9.1, PHOSPHOROUS=3.5, BLOODPRESSURESYSTOLIC=100, ALBUMIN=5, WEIGHT=77.11, HGB=5, POTASIUM=4.1, PatientName=Glayds Whoriskey, HEIGHT=182.88, BLOODPRESSUREDIASTOLIC=30, CREATININE=1.2, FERRITIN=250}]]>
              </value>
            </param>
          </params>
          <reporter-output>
          </reporter-output>
        </test-method> <!-- verify_AddingLabs -->
        <test-method status="PASS" signature="afterTest(java.lang.reflect.Method, org.testng.ITestResult)[pri:0, instance:com.vh.ui.tests.CurrentLabsTest@2a0b901c]" name="afterTest" is-config="true" duration-ms="9" started-at="2017-07-12T11:25:49Z" finished-at="2017-07-12T11:25:49Z">
          <params>
            <param index="0">
              <value>
                <![CDATA[public void com.vh.ui.tests.CurrentLabsTest.verify_AddingLabs(java.util.Map) throws com.vh.ui.exceptions.WaitException,com.vh.ui.exceptions.URLNavigationException,java.lang.InterruptedException]]>
              </value>
            </param>
            <param index="1">
              <value>
                <![CDATA[[TestResult name=verify_AddingLabs status=SUCCESS method=CurrentLabsTest.verify_AddingLabs(java.util.Map)[pri:4, instance:com.vh.ui.tests.CurrentLabsTest@2a0b901c] output={null}]]]>
              </value>
            </param>
          </params>
          <reporter-output>
          </reporter-output>
        </test-method> <!-- afterTest -->
        <test-method status="PASS" signature="verify_AddingLabs(java.util.Map)[pri:4, instance:com.vh.ui.tests.CurrentLabsTest@2a0b901c]" name="verify_AddingLabs" duration-ms="54913" started-at="2017-07-12T11:25:49Z" data-provider="CapellaDataProvider" finished-at="2017-07-12T11:26:44Z">
          <params>
            <param index="0">
              <value>
                <![CDATA[{DIPSTICKFORPROTEIN=null, CO2LEVEL=25, PTH=500, TestScenario=ESRD, KTV=1.5, URINEALBUMINCREATININERATIO=15, CALCIUMXPHOSPHOROUS=45, GFR=70, HEPATITISBTITER=50, HGBA1C=6, URR=70, LDL=50, TSAT=50, TARGETDRYWEIGHT=77.11, CALCIUM=9.1, PHOSPHOROUS=3.5, BLOODPRESSURESYSTOLIC=100, ALBUMIN=5, WEIGHT=77.11, HGB=5, POTASIUM=4.1, PatientName=Waliy Al D Holroyd, HEIGHT=182.88, BLOODPRESSUREDIASTOLIC=30, CREATININE=1.2, FERRITIN=250}]]>
              </value>
            </param>
          </params>
          <reporter-output>
          </reporter-output>
        </test-method> <!-- verify_AddingLabs -->
        <test-method status="PASS" signature="afterTest(java.lang.reflect.Method, org.testng.ITestResult)[pri:0, instance:com.vh.ui.tests.CurrentLabsTest@2a0b901c]" name="afterTest" is-config="true" duration-ms="0" started-at="2017-07-12T11:26:44Z" finished-at="2017-07-12T11:26:44Z">
          <params>
            <param index="0">
              <value>
                <![CDATA[public void com.vh.ui.tests.CurrentLabsTest.verify_AddingLabs(java.util.Map) throws com.vh.ui.exceptions.WaitException,com.vh.ui.exceptions.URLNavigationException,java.lang.InterruptedException]]>
              </value>
            </param>
            <param index="1">
              <value>
                <![CDATA[[TestResult name=verify_AddingLabs status=SUCCESS method=CurrentLabsTest.verify_AddingLabs(java.util.Map)[pri:4, instance:com.vh.ui.tests.CurrentLabsTest@2a0b901c] output={null}]]]>
              </value>
            </param>
          </params>
          <reporter-output>
          </reporter-output>
        </test-method> <!-- afterTest -->
        <test-method status="PASS" signature="tearDown()[pri:0, instance:com.vh.ui.tests.CurrentLabsTest@2a0b901c]" name="tearDown" is-config="true" duration-ms="1" started-at="2017-07-12T11:26:44Z" finished-at="2017-07-12T11:26:44Z">
          <reporter-output>
          </reporter-output>
        </test-method> <!-- tearDown -->
      </class> <!-- com.vh.ui.tests.CurrentLabsTest -->
    </test> <!-- Default test -->
  </suite> <!-- Default suite -->
</testng-results>
