<?xml version="1.0" encoding="UTF-8"?>
<testng-results skipped="0" failed="0" total="2" passed="2">
  <reporter-output>
  </reporter-output>
  <suite name="Default suite" duration-ms="97311" started-at="2017-06-26T13:42:51Z" finished-at="2017-06-26T13:44:28Z">
    <groups>
    </groups>
    <test name="Default test" duration-ms="97311" started-at="2017-06-26T13:42:51Z" finished-at="2017-06-26T13:44:28Z">
      <class name="com.vh.ui.tests.CurrentLabsTest">
        <test-method status="PASS" signature="buildUp()[pri:0, instance:com.vh.ui.tests.CurrentLabsTest@949c598]" name="buildUp" is-config="true" duration-ms="69096" started-at="2017-06-26T08:42:51Z" finished-at="2017-06-26T08:44:00Z">
          <reporter-output>
          </reporter-output>
        </test-method> <!-- buildUp -->
        <test-method status="PASS" signature="verify_CurrentLabsPage()[pri:1, instance:com.vh.ui.tests.CurrentLabsTest@949c598]" name="verify_CurrentLabsPage" duration-ms="702" started-at="2017-06-26T08:44:00Z" finished-at="2017-06-26T08:44:01Z">
          <reporter-output>
          </reporter-output>
        </test-method> <!-- verify_CurrentLabsPage -->
        <test-method status="PASS" signature="afterTest(java.lang.reflect.Method, org.testng.ITestResult)[pri:0, instance:com.vh.ui.tests.CurrentLabsTest@949c598]" name="afterTest" is-config="true" duration-ms="4" started-at="2017-06-26T08:44:01Z" finished-at="2017-06-26T08:44:01Z">
          <params>
            <param index="0">
              <value>
                <![CDATA[public void com.vh.ui.tests.CurrentLabsTest.verify_CurrentLabsPage() throws com.vh.ui.exceptions.WaitException,com.vh.ui.exceptions.URLNavigationException,java.lang.InterruptedException]]>
              </value>
            </param>
            <param index="1">
              <value>
                <![CDATA[[TestResult name=verify_CurrentLabsPage status=SUCCESS method=CurrentLabsTest.verify_CurrentLabsPage()[pri:1, instance:com.vh.ui.tests.CurrentLabsTest@949c598] output={null}]]]>
              </value>
            </param>
          </params>
          <reporter-output>
          </reporter-output>
        </test-method> <!-- afterTest -->
        <test-method status="PASS" signature="verify_AddAddLabResultsPopup()[pri:2, instance:com.vh.ui.tests.CurrentLabsTest@949c598]" name="verify_AddAddLabResultsPopup" duration-ms="27444" started-at="2017-06-26T08:44:01Z" finished-at="2017-06-26T08:44:28Z">
          <reporter-output>
          </reporter-output>
        </test-method> <!-- verify_AddAddLabResultsPopup -->
        <test-method status="PASS" signature="tearDown()[pri:0, instance:com.vh.ui.tests.CurrentLabsTest@949c598]" name="tearDown" is-config="true" duration-ms="0" started-at="2017-06-26T08:44:28Z" finished-at="2017-06-26T08:44:28Z">
          <reporter-output>
          </reporter-output>
        </test-method> <!-- tearDown -->
        <test-method status="PASS" signature="afterTest(java.lang.reflect.Method, org.testng.ITestResult)[pri:0, instance:com.vh.ui.tests.CurrentLabsTest@949c598]" name="afterTest" is-config="true" duration-ms="0" started-at="2017-06-26T08:44:28Z" finished-at="2017-06-26T08:44:28Z">
          <params>
            <param index="0">
              <value>
                <![CDATA[public void com.vh.ui.tests.CurrentLabsTest.verify_AddAddLabResultsPopup() throws com.vh.ui.exceptions.WaitException,com.vh.ui.exceptions.URLNavigationException,java.lang.InterruptedException]]>
              </value>
            </param>
            <param index="1">
              <value>
                <![CDATA[[TestResult name=verify_AddAddLabResultsPopup status=SUCCESS method=CurrentLabsTest.verify_AddAddLabResultsPopup()[pri:2, instance:com.vh.ui.tests.CurrentLabsTest@949c598] output={null}]]]>
              </value>
            </param>
          </params>
          <reporter-output>
          </reporter-output>
        </test-method> <!-- afterTest -->
      </class> <!-- com.vh.ui.tests.CurrentLabsTest -->
    </test> <!-- Default test -->
  </suite> <!-- Default suite -->
</testng-results>
