<?xml version="1.0" encoding="UTF-8"?>
<testng-results skipped="0" failed="0" total="2" passed="2">
  <reporter-output>
  </reporter-output>
  <suite name="Default suite" duration-ms="92043" started-at="2017-06-21T14:22:37Z" finished-at="2017-06-21T14:24:09Z">
    <groups>
    </groups>
    <test name="Default test" duration-ms="92043" started-at="2017-06-21T14:22:37Z" finished-at="2017-06-21T14:24:09Z">
      <class name="com.vh.ui.tests.CurrentLabsTest">
        <test-method status="PASS" signature="buildUp()[pri:0, instance:com.vh.ui.tests.CurrentLabsTest@47768e74]" name="buildUp" is-config="true" duration-ms="77431" started-at="2017-06-21T09:22:37Z" finished-at="2017-06-21T09:23:55Z">
          <reporter-output>
          </reporter-output>
        </test-method> <!-- buildUp -->
        <test-method status="PASS" signature="verify_CurrentLabsPage()[pri:1, instance:com.vh.ui.tests.CurrentLabsTest@47768e74]" name="verify_CurrentLabsPage" duration-ms="740" started-at="2017-06-21T09:23:55Z" finished-at="2017-06-21T09:23:55Z">
          <reporter-output>
          </reporter-output>
        </test-method> <!-- verify_CurrentLabsPage -->
        <test-method status="PASS" signature="afterTest(java.lang.reflect.Method, org.testng.ITestResult)[pri:0, instance:com.vh.ui.tests.CurrentLabsTest@47768e74]" name="afterTest" is-config="true" duration-ms="3" started-at="2017-06-21T09:23:55Z" finished-at="2017-06-21T09:23:55Z">
          <params>
            <param index="0">
              <value>
                <![CDATA[public void com.vh.ui.tests.CurrentLabsTest.verify_CurrentLabsPage() throws com.vh.ui.exceptions.WaitException,com.vh.ui.exceptions.URLNavigationException,java.lang.InterruptedException]]>
              </value>
            </param>
            <param index="1">
              <value>
                <![CDATA[[TestResult name=verify_CurrentLabsPage status=SUCCESS method=CurrentLabsTest.verify_CurrentLabsPage()[pri:1, instance:com.vh.ui.tests.CurrentLabsTest@47768e74] output={null}]]]>
              </value>
            </param>
          </params>
          <reporter-output>
          </reporter-output>
        </test-method> <!-- afterTest -->
        <test-method status="PASS" signature="verify_AddAddLabResultsPopup()[pri:2, instance:com.vh.ui.tests.CurrentLabsTest@47768e74]" name="verify_AddAddLabResultsPopup" duration-ms="13791" started-at="2017-06-21T09:23:55Z" finished-at="2017-06-21T09:24:09Z">
          <reporter-output>
          </reporter-output>
        </test-method> <!-- verify_AddAddLabResultsPopup -->
        <test-method status="PASS" signature="tearDown()[pri:0, instance:com.vh.ui.tests.CurrentLabsTest@47768e74]" name="tearDown" is-config="true" duration-ms="1" started-at="2017-06-21T09:24:09Z" finished-at="2017-06-21T09:24:09Z">
          <reporter-output>
          </reporter-output>
        </test-method> <!-- tearDown -->
        <test-method status="PASS" signature="afterTest(java.lang.reflect.Method, org.testng.ITestResult)[pri:0, instance:com.vh.ui.tests.CurrentLabsTest@47768e74]" name="afterTest" is-config="true" duration-ms="0" started-at="2017-06-21T09:24:09Z" finished-at="2017-06-21T09:24:09Z">
          <params>
            <param index="0">
              <value>
                <![CDATA[public void com.vh.ui.tests.CurrentLabsTest.verify_AddAddLabResultsPopup() throws com.vh.ui.exceptions.WaitException,com.vh.ui.exceptions.URLNavigationException,java.lang.InterruptedException]]>
              </value>
            </param>
            <param index="1">
              <value>
                <![CDATA[[TestResult name=verify_AddAddLabResultsPopup status=SUCCESS method=CurrentLabsTest.verify_AddAddLabResultsPopup()[pri:2, instance:com.vh.ui.tests.CurrentLabsTest@47768e74] output={null}]]]>
              </value>
            </param>
          </params>
          <reporter-output>
          </reporter-output>
        </test-method> <!-- afterTest -->
      </class> <!-- com.vh.ui.tests.CurrentLabsTest -->
    </test> <!-- Default test -->
  </suite> <!-- Default suite -->
</testng-results>
