<?xml version="1.0" encoding="UTF-8"?>
<testng-results skipped="0" failed="1" total="2" passed="1">
  <reporter-output>
  </reporter-output>
  <suite name="Default suite" duration-ms="171210" started-at="2017-07-14T20:55:26Z" finished-at="2017-07-14T20:58:17Z">
    <groups>
    </groups>
    <test name="Default test" duration-ms="171210" started-at="2017-07-14T20:55:26Z" finished-at="2017-07-14T20:58:17Z">
      <class name="com.vh.ui.tests.MyTasksTest">
        <test-method status="PASS" signature="buildUp()[pri:0, instance:com.vh.ui.tests.MyTasksTest@3811510]" name="buildUp" is-config="true" duration-ms="111548" started-at="2017-07-14T15:55:26Z" finished-at="2017-07-14T15:57:18Z">
          <reporter-output>
          </reporter-output>
        </test-method> <!-- buildUp -->
        <test-method status="PASS" signature="verify_MyTasksPage()[pri:1, instance:com.vh.ui.tests.MyTasksTest@3811510]" name="verify_MyTasksPage" duration-ms="5496" started-at="2017-07-14T15:57:18Z" finished-at="2017-07-14T15:57:23Z">
          <reporter-output>
          </reporter-output>
        </test-method> <!-- verify_MyTasksPage -->
        <test-method status="PASS" signature="afterTest(java.lang.reflect.Method, org.testng.ITestResult)[pri:0, instance:com.vh.ui.tests.MyTasksTest@3811510]" name="afterTest" is-config="true" duration-ms="4" started-at="2017-07-14T15:57:23Z" finished-at="2017-07-14T15:57:23Z">
          <params>
            <param index="0">
              <value>
                <![CDATA[public void com.vh.ui.tests.MyTasksTest.verify_MyTasksPage() throws com.vh.ui.exceptions.WaitException,com.vh.ui.exceptions.URLNavigationException,java.lang.InterruptedException]]>
              </value>
            </param>
            <param index="1">
              <value>
                <![CDATA[[TestResult name=verify_MyTasksPage status=SUCCESS method=MyTasksTest.verify_MyTasksPage()[pri:1, instance:com.vh.ui.tests.MyTasksTest@3811510] output={null}]]]>
              </value>
            </param>
          </params>
          <reporter-output>
          </reporter-output>
        </test-method> <!-- afterTest -->
        <test-method status="FAIL" signature="verify_NewTaskPopUp()[pri:2, instance:com.vh.ui.tests.MyTasksTest@3811510]" name="verify_NewTaskPopUp" duration-ms="51750" started-at="2017-07-14T15:57:23Z" finished-at="2017-07-14T15:58:15Z">
          <exception class="org.openqa.selenium.NoSuchElementException">
            <message>
              <![CDATA[Unable to find element with xpath == //new-task//*[@name='patientName'] (WARNING: The server did not provide any stacktrace information)
Command duration or timeout: 299 milliseconds
For documentation on this error, please visit: http://seleniumhq.org/exceptions/no_such_element.html
Build info: version: '2.53.0', revision: '35ae25b1534ae328c771e0856c93e187490ca824', time: '2016-03-15 10:43:46'
System info: host: 'WINDOWS-QR0QHM0', ip: '10.9.235.9', os.name: 'Windows 7', os.arch: 'amd64', os.version: '6.1', java.version: '1.8.0_131'
Driver info: org.openqa.selenium.ie.InternetExplorerDriver
Capabilities [{browserAttachTimeout=0, ie.enableFullPageScreenshot=true, enablePersistentHover=true, ie.forceCreateProcessApi=false, ie.forceShellWindowsApi=false, pageLoadStrategy=normal, ignoreZoomSetting=false, ie.fileUploadDialogTimeout=3000, version=11, platform=WINDOWS, proxy={proxyType=}, nativeEvents=true, ie.ensureCleanSession=false, elementScrollBehavior=0, ie.browserCommandLineSwitches=, requireWindowFocus=false, browserName=internet explorer, initialBrowserUrl=http://localhost:29377/, javascriptEnabled=true, ignoreProtectedModeSettings=false, enableElementCacheCleanup=true, unexpectedAlertBehaviour=dismiss}]
Session ID: 14f30299-6543-4813-b67a-a3ea46c204cf
*** Element info: {Using=xpath, value=//new-task//*[@name='patientName']}]]>
            </message>
            <full-stacktrace>
              <![CDATA[org.openqa.selenium.NoSuchElementException: Unable to find element with xpath == //new-task//*[@name='patientName'] (WARNING: The server did not provide any stacktrace information)
Command duration or timeout: 299 milliseconds
For documentation on this error, please visit: http://seleniumhq.org/exceptions/no_such_element.html
Build info: version: '2.53.0', revision: '35ae25b1534ae328c771e0856c93e187490ca824', time: '2016-03-15 10:43:46'
System info: host: 'WINDOWS-QR0QHM0', ip: '10.9.235.9', os.name: 'Windows 7', os.arch: 'amd64', os.version: '6.1', java.version: '1.8.0_131'
Driver info: org.openqa.selenium.ie.InternetExplorerDriver
Capabilities [{browserAttachTimeout=0, ie.enableFullPageScreenshot=true, enablePersistentHover=true, ie.forceCreateProcessApi=false, ie.forceShellWindowsApi=false, pageLoadStrategy=normal, ignoreZoomSetting=false, ie.fileUploadDialogTimeout=3000, version=11, platform=WINDOWS, proxy={proxyType=}, nativeEvents=true, ie.ensureCleanSession=false, elementScrollBehavior=0, ie.browserCommandLineSwitches=, requireWindowFocus=false, browserName=internet explorer, initialBrowserUrl=http://localhost:29377/, javascriptEnabled=true, ignoreProtectedModeSettings=false, enableElementCacheCleanup=true, unexpectedAlertBehaviour=dismiss}]
Session ID: 14f30299-6543-4813-b67a-a3ea46c204cf
*** Element info: {Using=xpath, value=//new-task//*[@name='patientName']}
	at sun.reflect.GeneratedConstructorAccessor10.newInstance(Unknown Source)
	at sun.reflect.DelegatingConstructorAccessorImpl.newInstance(DelegatingConstructorAccessorImpl.java:45)
	at java.lang.reflect.Constructor.newInstance(Constructor.java:423)
	at org.openqa.selenium.remote.ErrorHandler.createThrowable(ErrorHandler.java:206)
	at org.openqa.selenium.remote.ErrorHandler.throwIfResponseFailed(ErrorHandler.java:158)
	at org.openqa.selenium.remote.RemoteWebDriver.execute(RemoteWebDriver.java:678)
	at org.openqa.selenium.remote.RemoteWebDriver.findElement(RemoteWebDriver.java:363)
	at org.openqa.selenium.remote.RemoteWebDriver.findElementByXPath(RemoteWebDriver.java:500)
	at org.openqa.selenium.By$ByXPath.findElement(By.java:361)
	at org.openqa.selenium.remote.RemoteWebDriver.findElement(RemoteWebDriver.java:355)
	at com.vh.ui.utilities.Utilities.highlightElement(Utilities.java:110)
	at com.vh.ui.actions.WebActions.getVisibiltyOfElementLocatedBy(WebActions.java:466)
	at com.vh.ui.pages.MyTasksPage.viewPatientName(MyTasksPage.java:40)
	at com.vh.ui.tests.MyTasksTest.verify_NewTaskPopUp(MyTasksTest.java:58)
	at sun.reflect.NativeMethodAccessorImpl.invoke0(Native Method)
	at sun.reflect.NativeMethodAccessorImpl.invoke(NativeMethodAccessorImpl.java:62)
	at sun.reflect.DelegatingMethodAccessorImpl.invoke(DelegatingMethodAccessorImpl.java:43)
	at java.lang.reflect.Method.invoke(Method.java:498)
	at org.testng.internal.MethodInvocationHelper.invokeMethod(MethodInvocationHelper.java:86)
	at org.testng.internal.Invoker.invokeMethod(Invoker.java:643)
	at org.testng.internal.Invoker.invokeTestMethod(Invoker.java:820)
	at org.testng.internal.Invoker.invokeTestMethods(Invoker.java:1128)
	at org.testng.internal.TestMethodWorker.invokeTestMethods(TestMethodWorker.java:129)
	at org.testng.internal.TestMethodWorker.run(TestMethodWorker.java:112)
	at org.testng.TestRunner.privateRun(TestRunner.java:782)
	at org.testng.TestRunner.run(TestRunner.java:632)
	at org.testng.SuiteRunner.runTest(SuiteRunner.java:366)
	at org.testng.SuiteRunner.runSequentially(SuiteRunner.java:361)
	at org.testng.SuiteRunner.privateRun(SuiteRunner.java:319)
	at org.testng.SuiteRunner.run(SuiteRunner.java:268)
	at org.testng.SuiteRunnerWorker.runSuite(SuiteRunnerWorker.java:52)
	at org.testng.SuiteRunnerWorker.run(SuiteRunnerWorker.java:86)
	at org.testng.TestNG.runSuitesSequentially(TestNG.java:1244)
	at org.testng.TestNG.runSuitesLocally(TestNG.java:1169)
	at org.testng.TestNG.run(TestNG.java:1064)
	at org.testng.remote.AbstractRemoteTestNG.run(AbstractRemoteTestNG.java:132)
	at org.testng.remote.RemoteTestNG.initAndRun(RemoteTestNG.java:230)
	at org.testng.remote.RemoteTestNG.main(RemoteTestNG.java:76)
]]>
            </full-stacktrace>
          </exception> <!-- org.openqa.selenium.NoSuchElementException -->
          <reporter-output>
          </reporter-output>
        </test-method> <!-- verify_NewTaskPopUp -->
        <test-method status="PASS" signature="afterTest(java.lang.reflect.Method, org.testng.ITestResult)[pri:0, instance:com.vh.ui.tests.MyTasksTest@3811510]" name="afterTest" is-config="true" duration-ms="362" started-at="2017-07-14T15:58:15Z" finished-at="2017-07-14T15:58:16Z">
          <params>
            <param index="0">
              <value>
                <![CDATA[public void com.vh.ui.tests.MyTasksTest.verify_NewTaskPopUp() throws org.openqa.selenium.TimeoutException,com.vh.ui.exceptions.WaitException]]>
              </value>
            </param>
            <param index="1">
              <value>
                <![CDATA[[TestResult name=verify_NewTaskPopUp status=FAILURE method=MyTasksTest.verify_NewTaskPopUp()[pri:2, instance:com.vh.ui.tests.MyTasksTest@3811510] output={null}]]]>
              </value>
            </param>
          </params>
          <reporter-output>
          </reporter-output>
        </test-method> <!-- afterTest -->
        <test-method status="PASS" signature="tearDown()[pri:0, instance:com.vh.ui.tests.MyTasksTest@3811510]" name="tearDown" is-config="true" duration-ms="1916" started-at="2017-07-14T15:58:16Z" finished-at="2017-07-14T15:58:17Z">
          <reporter-output>
          </reporter-output>
        </test-method> <!-- tearDown -->
      </class> <!-- com.vh.ui.tests.MyTasksTest -->
    </test> <!-- Default test -->
  </suite> <!-- Default suite -->
</testng-results>
