<?xml version="1.0" encoding="UTF-8"?>
<testng-results skipped="0" failed="0" total="5" passed="5">
  <reporter-output>
  </reporter-output>
  <suite name="Default suite" duration-ms="244659" started-at="2017-07-07T16:48:46Z" finished-at="2017-07-07T16:52:51Z">
    <groups>
    </groups>
    <test name="Default test" duration-ms="244659" started-at="2017-07-07T16:48:46Z" finished-at="2017-07-07T16:52:51Z">
      <class name="com.vh.ui.tests.CurrentLabsTest">
        <test-method status="PASS" signature="buildUp()[pri:0, instance:com.vh.ui.tests.CurrentLabsTest@7bc58891]" name="buildUp" is-config="true" duration-ms="96478" started-at="2017-07-07T11:48:46Z" finished-at="2017-07-07T11:50:22Z">
          <reporter-output>
          </reporter-output>
        </test-method> <!-- buildUp -->
        <test-method status="PASS" signature="verify_CurrentLabsPage()[pri:1, instance:com.vh.ui.tests.CurrentLabsTest@7bc58891]" name="verify_CurrentLabsPage" duration-ms="1009" started-at="2017-07-07T11:50:22Z" finished-at="2017-07-07T11:50:23Z">
          <reporter-output>
          </reporter-output>
        </test-method> <!-- verify_CurrentLabsPage -->
        <test-method status="PASS" signature="afterTest(java.lang.reflect.Method, org.testng.ITestResult)[pri:0, instance:com.vh.ui.tests.CurrentLabsTest@7bc58891]" name="afterTest" is-config="true" duration-ms="2" started-at="2017-07-07T11:50:23Z" finished-at="2017-07-07T11:50:23Z">
          <params>
            <param index="0">
              <value>
                <![CDATA[public void com.vh.ui.tests.CurrentLabsTest.verify_CurrentLabsPage() throws com.vh.ui.exceptions.WaitException,com.vh.ui.exceptions.URLNavigationException,java.lang.InterruptedException]]>
              </value>
            </param>
            <param index="1">
              <value>
                <![CDATA[[TestResult name=verify_CurrentLabsPage status=SUCCESS method=CurrentLabsTest.verify_CurrentLabsPage()[pri:1, instance:com.vh.ui.tests.CurrentLabsTest@7bc58891] output={null}]]]>
              </value>
            </param>
          </params>
          <reporter-output>
          </reporter-output>
        </test-method> <!-- afterTest -->
        <test-method status="PASS" signature="verify_AddLabResultsPopupCKD()[pri:2, instance:com.vh.ui.tests.CurrentLabsTest@7bc58891]" name="verify_AddLabResultsPopupCKD" duration-ms="40196" started-at="2017-07-07T11:50:23Z" finished-at="2017-07-07T11:51:04Z">
          <reporter-output>
          </reporter-output>
        </test-method> <!-- verify_AddLabResultsPopupCKD -->
        <test-method status="PASS" signature="afterTest(java.lang.reflect.Method, org.testng.ITestResult)[pri:0, instance:com.vh.ui.tests.CurrentLabsTest@7bc58891]" name="afterTest" is-config="true" duration-ms="0" started-at="2017-07-07T11:51:04Z" finished-at="2017-07-07T11:51:04Z">
          <params>
            <param index="0">
              <value>
                <![CDATA[public void com.vh.ui.tests.CurrentLabsTest.verify_AddLabResultsPopupCKD() throws com.vh.ui.exceptions.WaitException,com.vh.ui.exceptions.URLNavigationException,java.lang.InterruptedException]]>
              </value>
            </param>
            <param index="1">
              <value>
                <![CDATA[[TestResult name=verify_AddLabResultsPopupCKD status=SUCCESS method=CurrentLabsTest.verify_AddLabResultsPopupCKD()[pri:2, instance:com.vh.ui.tests.CurrentLabsTest@7bc58891] output={null}]]]>
              </value>
            </param>
          </params>
          <reporter-output>
          </reporter-output>
        </test-method> <!-- afterTest -->
        <test-method status="PASS" signature="verify_AddPopupValidationCKD()[pri:3, instance:com.vh.ui.tests.CurrentLabsTest@7bc58891]" name="verify_AddPopupValidationCKD" duration-ms="27905" started-at="2017-07-07T11:51:04Z" finished-at="2017-07-07T11:51:32Z">
          <reporter-output>
          </reporter-output>
        </test-method> <!-- verify_AddPopupValidationCKD -->
        <test-method status="PASS" signature="afterTest(java.lang.reflect.Method, org.testng.ITestResult)[pri:0, instance:com.vh.ui.tests.CurrentLabsTest@7bc58891]" name="afterTest" is-config="true" duration-ms="0" started-at="2017-07-07T11:51:32Z" finished-at="2017-07-07T11:51:32Z">
          <params>
            <param index="0">
              <value>
                <![CDATA[public void com.vh.ui.tests.CurrentLabsTest.verify_AddPopupValidationCKD() throws com.vh.ui.exceptions.WaitException,com.vh.ui.exceptions.URLNavigationException,java.lang.InterruptedException]]>
              </value>
            </param>
            <param index="1">
              <value>
                <![CDATA[[TestResult name=verify_AddPopupValidationCKD status=SUCCESS method=CurrentLabsTest.verify_AddPopupValidationCKD()[pri:3, instance:com.vh.ui.tests.CurrentLabsTest@7bc58891] output={null}]]]>
              </value>
            </param>
          </params>
          <reporter-output>
          </reporter-output>
        </test-method> <!-- afterTest -->
        <test-method status="PASS" signature="verify_AddAddLabResultsPopupESRD()[pri:4, instance:com.vh.ui.tests.CurrentLabsTest@7bc58891]" name="verify_AddAddLabResultsPopupESRD" duration-ms="53607" started-at="2017-07-07T11:51:32Z" finished-at="2017-07-07T11:52:25Z">
          <reporter-output>
          </reporter-output>
        </test-method> <!-- verify_AddAddLabResultsPopupESRD -->
        <test-method status="PASS" signature="afterTest(java.lang.reflect.Method, org.testng.ITestResult)[pri:0, instance:com.vh.ui.tests.CurrentLabsTest@7bc58891]" name="afterTest" is-config="true" duration-ms="0" started-at="2017-07-07T11:52:25Z" finished-at="2017-07-07T11:52:25Z">
          <params>
            <param index="0">
              <value>
                <![CDATA[public void com.vh.ui.tests.CurrentLabsTest.verify_AddAddLabResultsPopupESRD() throws com.vh.ui.exceptions.WaitException,com.vh.ui.exceptions.URLNavigationException,java.lang.InterruptedException]]>
              </value>
            </param>
            <param index="1">
              <value>
                <![CDATA[[TestResult name=verify_AddAddLabResultsPopupESRD status=SUCCESS method=CurrentLabsTest.verify_AddAddLabResultsPopupESRD()[pri:4, instance:com.vh.ui.tests.CurrentLabsTest@7bc58891] output={null}]]]>
              </value>
            </param>
          </params>
          <reporter-output>
          </reporter-output>
        </test-method> <!-- afterTest -->
        <test-method status="PASS" signature="verify_AddPopupValidationESRD()[pri:5, instance:com.vh.ui.tests.CurrentLabsTest@7bc58891]" name="verify_AddPopupValidationESRD" duration-ms="25382" started-at="2017-07-07T11:52:25Z" finished-at="2017-07-07T11:52:51Z">
          <reporter-output>
          </reporter-output>
        </test-method> <!-- verify_AddPopupValidationESRD -->
        <test-method status="PASS" signature="afterTest(java.lang.reflect.Method, org.testng.ITestResult)[pri:0, instance:com.vh.ui.tests.CurrentLabsTest@7bc58891]" name="afterTest" is-config="true" duration-ms="0" started-at="2017-07-07T11:52:51Z" finished-at="2017-07-07T11:52:51Z">
          <params>
            <param index="0">
              <value>
                <![CDATA[public void com.vh.ui.tests.CurrentLabsTest.verify_AddPopupValidationESRD() throws com.vh.ui.exceptions.WaitException,com.vh.ui.exceptions.URLNavigationException,java.lang.InterruptedException]]>
              </value>
            </param>
            <param index="1">
              <value>
                <![CDATA[[TestResult name=verify_AddPopupValidationESRD status=SUCCESS method=CurrentLabsTest.verify_AddPopupValidationESRD()[pri:5, instance:com.vh.ui.tests.CurrentLabsTest@7bc58891] output={null}]]]>
              </value>
            </param>
          </params>
          <reporter-output>
          </reporter-output>
        </test-method> <!-- afterTest -->
        <test-method status="PASS" signature="tearDown()[pri:0, instance:com.vh.ui.tests.CurrentLabsTest@7bc58891]" name="tearDown" is-config="true" duration-ms="1" started-at="2017-07-07T11:52:51Z" finished-at="2017-07-07T11:52:51Z">
          <reporter-output>
          </reporter-output>
        </test-method> <!-- tearDown -->
      </class> <!-- com.vh.ui.tests.CurrentLabsTest -->
    </test> <!-- Default test -->
  </suite> <!-- Default suite -->
</testng-results>
