<?xml version="1.0" encoding="UTF-8"?>
<testng-results skipped="0" failed="1" total="2" passed="1">
  <reporter-output>
  </reporter-output>
  <suite name="Default suite" duration-ms="126943" started-at="2017-07-12T12:36:23Z" finished-at="2017-07-12T12:38:30Z">
    <groups>
    </groups>
    <test name="Default test" duration-ms="126943" started-at="2017-07-12T12:36:23Z" finished-at="2017-07-12T12:38:30Z">
      <class name="com.vh.ui.tests.CurrentLabsTest">
        <test-method status="PASS" signature="buildUp()[pri:0, instance:com.vh.ui.tests.CurrentLabsTest@4735d6e5]" name="buildUp" is-config="true" duration-ms="49699" started-at="2017-07-12T07:36:23Z" finished-at="2017-07-12T07:37:13Z">
          <reporter-output>
          </reporter-output>
        </test-method> <!-- buildUp -->
        <test-method status="PASS" signature="verify_AddingLabs(java.util.Map)[pri:4, instance:com.vh.ui.tests.CurrentLabsTest@4735d6e5]" name="verify_AddingLabs" duration-ms="59099" started-at="2017-07-12T07:37:14Z" data-provider="CapellaDataProvider" finished-at="2017-07-12T07:38:13Z">
          <params>
            <param index="0">
              <value>
                <![CDATA[{DIPSTICKFORPROTEIN=Negative, CO2LEVEL=25.0, PTH=500.0, TestScenario=CKDA, KTV=1.5, URINEALBUMINCREATININERATIO=15.0, CALCIUMXPHOSPHOROUS=45.0, GFR=70.0, HEPATITISBTITER=50.0, HGBA1C=6.0, URR=70.0, LDL=50.0, TSAT=50.0, TARGETDRYWEIGHT=77.11, CALCIUM=9.1, SubScenario=All, PHOSPHOROUS=3.5, BLOODPRESSURESYSTOLIC=100.0, ALBUMIN=5.0, WEIGHT=77.11, HGB=5.0, POTASIUM=4.1, PatientName=Glayds Whoriskey, HEIGHT=182.88, BLOODPRESSUREDIASTOLIC=30.0, CREATININE=1.2, FERRITIN=250.0}]]>
              </value>
            </param>
          </params>
          <reporter-output>
          </reporter-output>
        </test-method> <!-- verify_AddingLabs -->
        <test-method status="PASS" signature="afterTest(java.lang.reflect.Method, org.testng.ITestResult)[pri:0, instance:com.vh.ui.tests.CurrentLabsTest@4735d6e5]" name="afterTest" is-config="true" duration-ms="10" started-at="2017-07-12T07:38:13Z" finished-at="2017-07-12T07:38:13Z">
          <params>
            <param index="0">
              <value>
                <![CDATA[public void com.vh.ui.tests.CurrentLabsTest.verify_AddingLabs(java.util.Map) throws com.vh.ui.exceptions.WaitException,com.vh.ui.exceptions.URLNavigationException,java.lang.InterruptedException]]>
              </value>
            </param>
            <param index="1">
              <value>
                <![CDATA[[TestResult name=verify_AddingLabs status=SUCCESS method=CurrentLabsTest.verify_AddingLabs(java.util.Map)[pri:4, instance:com.vh.ui.tests.CurrentLabsTest@4735d6e5] output={null}]]]>
              </value>
            </param>
          </params>
          <reporter-output>
          </reporter-output>
        </test-method> <!-- afterTest -->
        <test-method status="FAIL" signature="verify_AddingLabs(java.util.Map)[pri:4, instance:com.vh.ui.tests.CurrentLabsTest@4735d6e5]" name="verify_AddingLabs" duration-ms="16964" started-at="2017-07-12T07:38:13Z" data-provider="CapellaDataProvider" finished-at="2017-07-12T07:38:30Z">
          <params>
            <param index="0">
              <value>
                <![CDATA[{DIPSTICKFORPROTEIN=null, CO2LEVEL=25.0, PTH=500.0, TestScenario=ESRDA, KTV=1.5, URINEALBUMINCREATININERATIO=15.0, CALCIUMXPHOSPHOROUS=45.0, GFR=70.0, HEPATITISBTITER=50.0, HGBA1C=6.0, URR=70.0, LDL=50.0, TSAT=50.0, TARGETDRYWEIGHT=77.11, CALCIUM=9.1, SubScenario=All, PHOSPHOROUS=3.5, BLOODPRESSURESYSTOLIC=100.0, ALBUMIN=5.0, WEIGHT=77.11, HGB=5.0, POTASIUM=4.1, PatientName=Waliy Al D Holroyd, HEIGHT=182.88, BLOODPRESSUREDIASTOLIC=30.0, CREATININE=1.2, FERRITIN=250.0}]]>
              </value>
            </param>
          </params>
          <exception class="org.openqa.selenium.NoSuchElementException">
            <message>
              <![CDATA[Unable to find element with xpath == //a[text()='Patient Experience'] (WARNING: The server did not provide any stacktrace information)
Command duration or timeout: 364 milliseconds
For documentation on this error, please visit: http://seleniumhq.org/exceptions/no_such_element.html
Build info: version: '2.53.0', revision: '35ae25b1534ae328c771e0856c93e187490ca824', time: '2016-03-15 10:43:46'
System info: host: 'DVA-F0L9N9R-L', ip: '172.16.128.186', os.name: 'Windows 8.1', os.arch: 'amd64', os.version: '6.3', java.version: '1.8.0_131'
Driver info: org.openqa.selenium.ie.InternetExplorerDriver
Capabilities [{browserAttachTimeout=0, ie.enableFullPageScreenshot=true, enablePersistentHover=true, ie.forceCreateProcessApi=false, ie.forceShellWindowsApi=false, pageLoadStrategy=normal, ignoreZoomSetting=false, ie.fileUploadDialogTimeout=3000, version=11, platform=WINDOWS, proxy={proxyType=}, nativeEvents=true, ie.ensureCleanSession=false, elementScrollBehavior=0, ie.browserCommandLineSwitches=, requireWindowFocus=false, browserName=internet explorer, initialBrowserUrl=http://localhost:43445/, javascriptEnabled=true, ignoreProtectedModeSettings=false, enableElementCacheCleanup=true, unexpectedAlertBehaviour=dismiss}]
Session ID: 30b984cc-b91d-42e4-9883-365e1b65d10f
*** Element info: {Using=xpath, value=//a[text()='Patient Experience']}]]>
            </message>
            <full-stacktrace>
              <![CDATA[org.openqa.selenium.NoSuchElementException: Unable to find element with xpath == //a[text()='Patient Experience'] (WARNING: The server did not provide any stacktrace information)
Command duration or timeout: 364 milliseconds
For documentation on this error, please visit: http://seleniumhq.org/exceptions/no_such_element.html
Build info: version: '2.53.0', revision: '35ae25b1534ae328c771e0856c93e187490ca824', time: '2016-03-15 10:43:46'
System info: host: 'DVA-F0L9N9R-L', ip: '172.16.128.186', os.name: 'Windows 8.1', os.arch: 'amd64', os.version: '6.3', java.version: '1.8.0_131'
Driver info: org.openqa.selenium.ie.InternetExplorerDriver
Capabilities [{browserAttachTimeout=0, ie.enableFullPageScreenshot=true, enablePersistentHover=true, ie.forceCreateProcessApi=false, ie.forceShellWindowsApi=false, pageLoadStrategy=normal, ignoreZoomSetting=false, ie.fileUploadDialogTimeout=3000, version=11, platform=WINDOWS, proxy={proxyType=}, nativeEvents=true, ie.ensureCleanSession=false, elementScrollBehavior=0, ie.browserCommandLineSwitches=, requireWindowFocus=false, browserName=internet explorer, initialBrowserUrl=http://localhost:43445/, javascriptEnabled=true, ignoreProtectedModeSettings=false, enableElementCacheCleanup=true, unexpectedAlertBehaviour=dismiss}]
Session ID: 30b984cc-b91d-42e4-9883-365e1b65d10f
*** Element info: {Using=xpath, value=//a[text()='Patient Experience']}
	at sun.reflect.GeneratedConstructorAccessor10.newInstance(Unknown Source)
	at sun.reflect.DelegatingConstructorAccessorImpl.newInstance(Unknown Source)
	at java.lang.reflect.Constructor.newInstance(Unknown Source)
	at org.openqa.selenium.remote.ErrorHandler.createThrowable(ErrorHandler.java:206)
	at org.openqa.selenium.remote.ErrorHandler.throwIfResponseFailed(ErrorHandler.java:158)
	at org.openqa.selenium.remote.RemoteWebDriver.execute(RemoteWebDriver.java:678)
	at org.openqa.selenium.remote.RemoteWebDriver.findElement(RemoteWebDriver.java:363)
	at org.openqa.selenium.remote.RemoteWebDriver.findElementByXPath(RemoteWebDriver.java:500)
	at org.openqa.selenium.By$ByXPath.findElement(By.java:361)
	at org.openqa.selenium.remote.RemoteWebDriver.findElement(RemoteWebDriver.java:355)
	at com.vh.ui.actions.ApplicationFunctions.navigateToMenu(ApplicationFunctions.java:175)
	at com.vh.ui.tests.CurrentLabsTest.verify_AddingLabs(CurrentLabsTest.java:312)
	at sun.reflect.NativeMethodAccessorImpl.invoke0(Native Method)
	at sun.reflect.NativeMethodAccessorImpl.invoke(Unknown Source)
	at sun.reflect.DelegatingMethodAccessorImpl.invoke(Unknown Source)
	at java.lang.reflect.Method.invoke(Unknown Source)
	at org.testng.internal.MethodInvocationHelper.invokeMethod(MethodInvocationHelper.java:86)
	at org.testng.internal.Invoker.invokeMethod(Invoker.java:643)
	at org.testng.internal.Invoker.invokeTestMethod(Invoker.java:820)
	at org.testng.internal.Invoker.invokeTestMethods(Invoker.java:1128)
	at org.testng.internal.TestMethodWorker.invokeTestMethods(TestMethodWorker.java:129)
	at org.testng.internal.TestMethodWorker.run(TestMethodWorker.java:112)
	at org.testng.TestRunner.privateRun(TestRunner.java:782)
	at org.testng.TestRunner.run(TestRunner.java:632)
	at org.testng.SuiteRunner.runTest(SuiteRunner.java:366)
	at org.testng.SuiteRunner.runSequentially(SuiteRunner.java:361)
	at org.testng.SuiteRunner.privateRun(SuiteRunner.java:319)
	at org.testng.SuiteRunner.run(SuiteRunner.java:268)
	at org.testng.SuiteRunnerWorker.runSuite(SuiteRunnerWorker.java:52)
	at org.testng.SuiteRunnerWorker.run(SuiteRunnerWorker.java:86)
	at org.testng.TestNG.runSuitesSequentially(TestNG.java:1244)
	at org.testng.TestNG.runSuitesLocally(TestNG.java:1169)
	at org.testng.TestNG.run(TestNG.java:1064)
	at org.testng.remote.AbstractRemoteTestNG.run(AbstractRemoteTestNG.java:132)
	at org.testng.remote.RemoteTestNG.initAndRun(RemoteTestNG.java:230)
	at org.testng.remote.RemoteTestNG.main(RemoteTestNG.java:76)
]]>
            </full-stacktrace>
          </exception> <!-- org.openqa.selenium.NoSuchElementException -->
          <reporter-output>
          </reporter-output>
        </test-method> <!-- verify_AddingLabs -->
        <test-method status="PASS" signature="afterTest(java.lang.reflect.Method, org.testng.ITestResult)[pri:0, instance:com.vh.ui.tests.CurrentLabsTest@4735d6e5]" name="afterTest" is-config="true" duration-ms="433" started-at="2017-07-12T07:38:30Z" finished-at="2017-07-12T07:38:30Z">
          <params>
            <param index="0">
              <value>
                <![CDATA[public void com.vh.ui.tests.CurrentLabsTest.verify_AddingLabs(java.util.Map) throws com.vh.ui.exceptions.WaitException,com.vh.ui.exceptions.URLNavigationException,java.lang.InterruptedException]]>
              </value>
            </param>
            <param index="1">
              <value>
                <![CDATA[[TestResult name=verify_AddingLabs status=FAILURE method=CurrentLabsTest.verify_AddingLabs(java.util.Map)[pri:4, instance:com.vh.ui.tests.CurrentLabsTest@4735d6e5] output={null}]]]>
              </value>
            </param>
          </params>
          <reporter-output>
          </reporter-output>
        </test-method> <!-- afterTest -->
        <test-method status="PASS" signature="tearDown()[pri:0, instance:com.vh.ui.tests.CurrentLabsTest@4735d6e5]" name="tearDown" is-config="true" duration-ms="0" started-at="2017-07-12T07:38:30Z" finished-at="2017-07-12T07:38:30Z">
          <reporter-output>
          </reporter-output>
        </test-method> <!-- tearDown -->
      </class> <!-- com.vh.ui.tests.CurrentLabsTest -->
    </test> <!-- Default test -->
  </suite> <!-- Default suite -->
</testng-results>
