<?xml version="1.0" encoding="UTF-8"?>
<testng-results skipped="0" failed="0" total="3" passed="3">
  <reporter-output>
  </reporter-output>
  <suite name="Default suite" duration-ms="174944" started-at="2017-05-17T14:40:53Z" finished-at="2017-05-17T14:43:48Z">
    <groups>
    </groups>
    <test name="Default test" duration-ms="174944" started-at="2017-05-17T14:40:53Z" finished-at="2017-05-17T14:43:48Z">
      <class name="com.vh.ui.tests.MedicalEquipmentTest">
        <test-method status="PASS" signature="buildUp()[pri:0, instance:com.vh.ui.tests.MedicalEquipmentTest@1e95b653]" name="buildUp" is-config="true" duration-ms="151286" started-at="2017-05-17T09:40:53Z" finished-at="2017-05-17T09:43:24Z">
          <reporter-output>
          </reporter-output>
        </test-method> <!-- buildUp -->
        <test-method status="PASS" signature="verify_PageDisplayed()[pri:1, instance:com.vh.ui.tests.MedicalEquipmentTest@1e95b653]" name="verify_PageDisplayed" duration-ms="2591" started-at="2017-05-17T09:43:24Z" finished-at="2017-05-17T09:43:27Z">
          <reporter-output>
          </reporter-output>
        </test-method> <!-- verify_PageDisplayed -->
        <test-method status="PASS" signature="afterTest(java.lang.reflect.Method, org.testng.ITestResult)[pri:0, instance:com.vh.ui.tests.MedicalEquipmentTest@1e95b653]" name="afterTest" is-config="true" duration-ms="3" started-at="2017-05-17T09:43:27Z" finished-at="2017-05-17T09:43:27Z">
          <params>
            <param index="0">
              <value>
                <![CDATA[public void com.vh.ui.tests.MedicalEquipmentTest.verify_PageDisplayed() throws com.vh.ui.exceptions.WaitException,com.vh.ui.exceptions.URLNavigationException,java.lang.InterruptedException]]>
              </value>
            </param>
            <param index="1">
              <value>
                <![CDATA[[TestResult name=verify_PageDisplayed status=SUCCESS method=MedicalEquipmentTest.verify_PageDisplayed()[pri:1, instance:com.vh.ui.tests.MedicalEquipmentTest@1e95b653] output={null}]]]>
              </value>
            </param>
          </params>
          <reporter-output>
          </reporter-output>
        </test-method> <!-- afterTest -->
        <test-method status="PASS" signature="verify_ColumnHeadersDisplayed()[pri:2, instance:com.vh.ui.tests.MedicalEquipmentTest@1e95b653]" name="verify_ColumnHeadersDisplayed" duration-ms="11387" started-at="2017-05-17T09:43:27Z" finished-at="2017-05-17T09:43:38Z">
          <reporter-output>
          </reporter-output>
        </test-method> <!-- verify_ColumnHeadersDisplayed -->
        <test-method status="PASS" signature="verify_AddMedicalEquipment()[pri:3, instance:com.vh.ui.tests.MedicalEquipmentTest@1e95b653]" name="verify_AddMedicalEquipment" duration-ms="9596" started-at="2017-05-17T09:43:38Z" finished-at="2017-05-17T09:43:48Z">
          <reporter-output>
          </reporter-output>
        </test-method> <!-- verify_AddMedicalEquipment -->
        <test-method status="PASS" signature="afterTest(java.lang.reflect.Method, org.testng.ITestResult)[pri:0, instance:com.vh.ui.tests.MedicalEquipmentTest@1e95b653]" name="afterTest" is-config="true" duration-ms="0" started-at="2017-05-17T09:43:38Z" finished-at="2017-05-17T09:43:38Z">
          <params>
            <param index="0">
              <value>
                <![CDATA[public void com.vh.ui.tests.MedicalEquipmentTest.verify_ColumnHeadersDisplayed() throws com.vh.ui.exceptions.WaitException,com.vh.ui.exceptions.URLNavigationException,java.lang.InterruptedException]]>
              </value>
            </param>
            <param index="1">
              <value>
                <![CDATA[[TestResult name=verify_ColumnHeadersDisplayed status=SUCCESS method=MedicalEquipmentTest.verify_ColumnHeadersDisplayed()[pri:2, instance:com.vh.ui.tests.MedicalEquipmentTest@1e95b653] output={null}]]]>
              </value>
            </param>
          </params>
          <reporter-output>
          </reporter-output>
        </test-method> <!-- afterTest -->
        <test-method status="PASS" signature="tearDown()[pri:0, instance:com.vh.ui.tests.MedicalEquipmentTest@1e95b653]" name="tearDown" is-config="true" duration-ms="0" started-at="2017-05-17T09:43:48Z" finished-at="2017-05-17T09:43:48Z">
          <reporter-output>
          </reporter-output>
        </test-method> <!-- tearDown -->
        <test-method status="PASS" signature="afterTest(java.lang.reflect.Method, org.testng.ITestResult)[pri:0, instance:com.vh.ui.tests.MedicalEquipmentTest@1e95b653]" name="afterTest" is-config="true" duration-ms="0" started-at="2017-05-17T09:43:48Z" finished-at="2017-05-17T09:43:48Z">
          <params>
            <param index="0">
              <value>
                <![CDATA[public void com.vh.ui.tests.MedicalEquipmentTest.verify_AddMedicalEquipment() throws com.vh.ui.exceptions.WaitException,com.vh.ui.exceptions.URLNavigationException,java.lang.InterruptedException]]>
              </value>
            </param>
            <param index="1">
              <value>
                <![CDATA[[TestResult name=verify_AddMedicalEquipment status=SUCCESS method=MedicalEquipmentTest.verify_AddMedicalEquipment()[pri:3, instance:com.vh.ui.tests.MedicalEquipmentTest@1e95b653] output={null}]]]>
              </value>
            </param>
          </params>
          <reporter-output>
          </reporter-output>
        </test-method> <!-- afterTest -->
      </class> <!-- com.vh.ui.tests.MedicalEquipmentTest -->
    </test> <!-- Default test -->
  </suite> <!-- Default suite -->
</testng-results>
