<?xml version="1.0" encoding="UTF-8"?>
<testng-results skipped="0" failed="0" total="3" passed="3">
  <reporter-output>
  </reporter-output>
  <suite name="Default suite" duration-ms="123081" started-at="2017-05-30T16:58:30Z" finished-at="2017-05-30T17:00:33Z">
    <groups>
    </groups>
    <test name="Default test" duration-ms="123081" started-at="2017-05-30T16:58:30Z" finished-at="2017-05-30T17:00:33Z">
      <class name="com.vh.ui.tests.MedicalEquipmentTest">
        <test-method status="PASS" signature="buildUp()[pri:0, instance:com.vh.ui.tests.MedicalEquipmentTest@48a663e9]" name="buildUp" is-config="true" duration-ms="61838" started-at="2017-05-30T11:58:30Z" finished-at="2017-05-30T11:59:32Z">
          <reporter-output>
          </reporter-output>
        </test-method> <!-- buildUp -->
        <test-method status="PASS" signature="verify_MedicalEquipmentPage()[pri:1, instance:com.vh.ui.tests.MedicalEquipmentTest@48a663e9]" name="verify_MedicalEquipmentPage" duration-ms="1266" started-at="2017-05-30T11:59:32Z" finished-at="2017-05-30T11:59:33Z">
          <reporter-output>
          </reporter-output>
        </test-method> <!-- verify_MedicalEquipmentPage -->
        <test-method status="PASS" signature="afterTest(java.lang.reflect.Method, org.testng.ITestResult)[pri:0, instance:com.vh.ui.tests.MedicalEquipmentTest@48a663e9]" name="afterTest" is-config="true" duration-ms="3" started-at="2017-05-30T11:59:33Z" finished-at="2017-05-30T11:59:33Z">
          <params>
            <param index="0">
              <value>
                <![CDATA[public void com.vh.ui.tests.MedicalEquipmentTest.verify_MedicalEquipmentPage() throws com.vh.ui.exceptions.WaitException,com.vh.ui.exceptions.URLNavigationException,java.lang.InterruptedException]]>
              </value>
            </param>
            <param index="1">
              <value>
                <![CDATA[[TestResult name=verify_MedicalEquipmentPage status=SUCCESS method=MedicalEquipmentTest.verify_MedicalEquipmentPage()[pri:1, instance:com.vh.ui.tests.MedicalEquipmentTest@48a663e9] output={null}]]]>
              </value>
            </param>
          </params>
          <reporter-output>
          </reporter-output>
        </test-method> <!-- afterTest -->
        <test-method status="PASS" signature="verify_AddMedicalEquipmentPopup()[pri:2, instance:com.vh.ui.tests.MedicalEquipmentTest@48a663e9]" name="verify_AddMedicalEquipmentPopup" duration-ms="5232" started-at="2017-05-30T11:59:33Z" finished-at="2017-05-30T11:59:39Z">
          <reporter-output>
          </reporter-output>
        </test-method> <!-- verify_AddMedicalEquipmentPopup -->
        <test-method status="PASS" signature="AddMedicalEquipment()[pri:3, instance:com.vh.ui.tests.MedicalEquipmentTest@48a663e9]" name="AddMedicalEquipment" duration-ms="53048" started-at="2017-05-30T11:59:39Z" finished-at="2017-05-30T12:00:32Z">
          <reporter-output>
          </reporter-output>
        </test-method> <!-- AddMedicalEquipment -->
        <test-method status="PASS" signature="afterTest(java.lang.reflect.Method, org.testng.ITestResult)[pri:0, instance:com.vh.ui.tests.MedicalEquipmentTest@48a663e9]" name="afterTest" is-config="true" duration-ms="0" started-at="2017-05-30T11:59:39Z" finished-at="2017-05-30T11:59:39Z">
          <params>
            <param index="0">
              <value>
                <![CDATA[public void com.vh.ui.tests.MedicalEquipmentTest.verify_AddMedicalEquipmentPopup() throws com.vh.ui.exceptions.WaitException,com.vh.ui.exceptions.URLNavigationException,java.lang.InterruptedException]]>
              </value>
            </param>
            <param index="1">
              <value>
                <![CDATA[[TestResult name=verify_AddMedicalEquipmentPopup status=SUCCESS method=MedicalEquipmentTest.verify_AddMedicalEquipmentPopup()[pri:2, instance:com.vh.ui.tests.MedicalEquipmentTest@48a663e9] output={null}]]]>
              </value>
            </param>
          </params>
          <reporter-output>
          </reporter-output>
        </test-method> <!-- afterTest -->
        <test-method status="PASS" signature="afterTest(java.lang.reflect.Method, org.testng.ITestResult)[pri:0, instance:com.vh.ui.tests.MedicalEquipmentTest@48a663e9]" name="afterTest" is-config="true" duration-ms="1" started-at="2017-05-30T12:00:32Z" finished-at="2017-05-30T12:00:32Z">
          <params>
            <param index="0">
              <value>
                <![CDATA[public void com.vh.ui.tests.MedicalEquipmentTest.AddMedicalEquipment() throws com.vh.ui.exceptions.WaitException,com.vh.ui.exceptions.URLNavigationException,java.lang.InterruptedException]]>
              </value>
            </param>
            <param index="1">
              <value>
                <![CDATA[[TestResult name=AddMedicalEquipment status=SUCCESS method=MedicalEquipmentTest.AddMedicalEquipment()[pri:3, instance:com.vh.ui.tests.MedicalEquipmentTest@48a663e9] output={null}]]]>
              </value>
            </param>
          </params>
          <reporter-output>
          </reporter-output>
        </test-method> <!-- afterTest -->
        <test-method status="PASS" signature="tearDown()[pri:0, instance:com.vh.ui.tests.MedicalEquipmentTest@48a663e9]" name="tearDown" is-config="true" duration-ms="1623" started-at="2017-05-30T12:00:32Z" finished-at="2017-05-30T12:00:33Z">
          <reporter-output>
          </reporter-output>
        </test-method> <!-- tearDown -->
      </class> <!-- com.vh.ui.tests.MedicalEquipmentTest -->
    </test> <!-- Default test -->
  </suite> <!-- Default suite -->
</testng-results>
