<?xml version="1.0" encoding="UTF-8"?>
<testng-results skipped="0" failed="0" total="3" passed="3">
  <reporter-output>
  </reporter-output>
  <suite name="Default suite" duration-ms="205049" started-at="2017-07-11T17:59:53Z" finished-at="2017-07-11T18:03:18Z">
    <groups>
    </groups>
    <test name="Default test" duration-ms="205049" started-at="2017-07-11T17:59:53Z" finished-at="2017-07-11T18:03:18Z">
      <class name="com.vh.ui.tests.CurrentLabsTest">
        <test-method status="PASS" signature="buildUp()[pri:0, instance:com.vh.ui.tests.CurrentLabsTest@191a0351]" name="buildUp" is-config="true" duration-ms="98120" started-at="2017-07-11T12:59:53Z" finished-at="2017-07-11T13:01:32Z">
          <reporter-output>
          </reporter-output>
        </test-method> <!-- buildUp -->
        <test-method status="PASS" signature="verify_CurrentLabsPage()[pri:1, instance:com.vh.ui.tests.CurrentLabsTest@191a0351]" name="verify_CurrentLabsPage" duration-ms="2098" started-at="2017-07-11T13:01:32Z" finished-at="2017-07-11T13:01:34Z">
          <reporter-output>
          </reporter-output>
        </test-method> <!-- verify_CurrentLabsPage -->
        <test-method status="PASS" signature="afterTest(java.lang.reflect.Method, org.testng.ITestResult)[pri:0, instance:com.vh.ui.tests.CurrentLabsTest@191a0351]" name="afterTest" is-config="true" duration-ms="5" started-at="2017-07-11T13:01:34Z" finished-at="2017-07-11T13:01:34Z">
          <params>
            <param index="0">
              <value>
                <![CDATA[public void com.vh.ui.tests.CurrentLabsTest.verify_CurrentLabsPage() throws com.vh.ui.exceptions.WaitException,com.vh.ui.exceptions.URLNavigationException,java.lang.InterruptedException]]>
              </value>
            </param>
            <param index="1">
              <value>
                <![CDATA[[TestResult name=verify_CurrentLabsPage status=SUCCESS method=CurrentLabsTest.verify_CurrentLabsPage()[pri:1, instance:com.vh.ui.tests.CurrentLabsTest@191a0351] output={null}]]]>
              </value>
            </param>
          </params>
          <reporter-output>
          </reporter-output>
        </test-method> <!-- afterTest -->
        <test-method status="PASS" signature="verify_AddingLabs(java.util.Map)[pri:4, instance:com.vh.ui.tests.CurrentLabsTest@191a0351]" name="verify_AddingLabs" duration-ms="25140" started-at="2017-07-11T13:02:52Z" data-provider="CapellaDataProvider" finished-at="2017-07-11T13:03:18Z">
          <params>
            <param index="0">
              <value>
                <![CDATA[{TestScenario=CKD, HEIGHT=182.88, WEIGHT=77.11}]]>
              </value>
            </param>
          </params>
          <reporter-output>
          </reporter-output>
        </test-method> <!-- verify_AddingLabs -->
        <test-method status="PASS" signature="verify_AddingLabs(java.util.Map)[pri:4, instance:com.vh.ui.tests.CurrentLabsTest@191a0351]" name="verify_AddingLabs" duration-ms="867" started-at="2017-07-11T13:03:18Z" data-provider="CapellaDataProvider" finished-at="2017-07-11T13:03:18Z">
          <params>
            <param index="0">
              <value>
                <![CDATA[{TestScenario=ESRD, HEIGHT=182.88, WEIGHT=77.11}]]>
              </value>
            </param>
          </params>
          <reporter-output>
          </reporter-output>
        </test-method> <!-- verify_AddingLabs -->
        <test-method status="PASS" signature="afterTest(java.lang.reflect.Method, org.testng.ITestResult)[pri:0, instance:com.vh.ui.tests.CurrentLabsTest@191a0351]" name="afterTest" is-config="true" duration-ms="0" started-at="2017-07-11T13:03:18Z" finished-at="2017-07-11T13:03:18Z">
          <params>
            <param index="0">
              <value>
                <![CDATA[public void com.vh.ui.tests.CurrentLabsTest.verify_AddingLabs(java.util.Map) throws com.vh.ui.exceptions.WaitException,com.vh.ui.exceptions.URLNavigationException,java.lang.InterruptedException]]>
              </value>
            </param>
            <param index="1">
              <value>
                <![CDATA[[TestResult name=verify_AddingLabs status=SUCCESS method=CurrentLabsTest.verify_AddingLabs(java.util.Map)[pri:4, instance:com.vh.ui.tests.CurrentLabsTest@191a0351] output={null}]]]>
              </value>
            </param>
          </params>
          <reporter-output>
          </reporter-output>
        </test-method> <!-- afterTest -->
        <test-method status="PASS" signature="afterTest(java.lang.reflect.Method, org.testng.ITestResult)[pri:0, instance:com.vh.ui.tests.CurrentLabsTest@191a0351]" name="afterTest" is-config="true" duration-ms="0" started-at="2017-07-11T13:03:18Z" finished-at="2017-07-11T13:03:18Z">
          <params>
            <param index="0">
              <value>
                <![CDATA[public void com.vh.ui.tests.CurrentLabsTest.verify_AddingLabs(java.util.Map) throws com.vh.ui.exceptions.WaitException,com.vh.ui.exceptions.URLNavigationException,java.lang.InterruptedException]]>
              </value>
            </param>
            <param index="1">
              <value>
                <![CDATA[[TestResult name=verify_AddingLabs status=SUCCESS method=CurrentLabsTest.verify_AddingLabs(java.util.Map)[pri:4, instance:com.vh.ui.tests.CurrentLabsTest@191a0351] output={null}]]]>
              </value>
            </param>
          </params>
          <reporter-output>
          </reporter-output>
        </test-method> <!-- afterTest -->
        <test-method status="PASS" signature="tearDown()[pri:0, instance:com.vh.ui.tests.CurrentLabsTest@191a0351]" name="tearDown" is-config="true" duration-ms="1" started-at="2017-07-11T13:03:18Z" finished-at="2017-07-11T13:03:18Z">
          <reporter-output>
          </reporter-output>
        </test-method> <!-- tearDown -->
      </class> <!-- com.vh.ui.tests.CurrentLabsTest -->
    </test> <!-- Default test -->
  </suite> <!-- Default suite -->
</testng-results>
