<?xml version="1.0" encoding="UTF-8"?>
<testng-results skipped="0" failed="0" total="4" passed="4">
  <reporter-output>
  </reporter-output>
  <suite name="Default suite" duration-ms="110196" started-at="2017-06-02T15:30:37Z" finished-at="2017-06-02T15:32:27Z">
    <groups>
    </groups>
    <test name="Default test" duration-ms="110196" started-at="2017-06-02T15:30:37Z" finished-at="2017-06-02T15:32:27Z">
      <class name="com.vh.ui.tests.MedicalEquipmentTest">
        <test-method status="PASS" signature="buildUp()[pri:0, instance:com.vh.ui.tests.MedicalEquipmentTest@7cac93fe]" name="buildUp" is-config="true" duration-ms="87314" started-at="2017-06-02T10:30:37Z" finished-at="2017-06-02T10:32:04Z">
          <reporter-output>
          </reporter-output>
        </test-method> <!-- buildUp -->
        <test-method status="PASS" signature="verify_MedicalEquipmentPage()[pri:1, instance:com.vh.ui.tests.MedicalEquipmentTest@7cac93fe]" name="verify_MedicalEquipmentPage" duration-ms="1211" started-at="2017-06-02T10:32:04Z" finished-at="2017-06-02T10:32:05Z">
          <reporter-output>
          </reporter-output>
        </test-method> <!-- verify_MedicalEquipmentPage -->
        <test-method status="PASS" signature="afterTest(java.lang.reflect.Method, org.testng.ITestResult)[pri:0, instance:com.vh.ui.tests.MedicalEquipmentTest@7cac93fe]" name="afterTest" is-config="true" duration-ms="2" started-at="2017-06-02T10:32:05Z" finished-at="2017-06-02T10:32:05Z">
          <params>
            <param index="0">
              <value>
                <![CDATA[public void com.vh.ui.tests.MedicalEquipmentTest.verify_MedicalEquipmentPage() throws com.vh.ui.exceptions.WaitException,com.vh.ui.exceptions.URLNavigationException,java.lang.InterruptedException]]>
              </value>
            </param>
            <param index="1">
              <value>
                <![CDATA[[TestResult name=verify_MedicalEquipmentPage status=SUCCESS method=MedicalEquipmentTest.verify_MedicalEquipmentPage()[pri:1, instance:com.vh.ui.tests.MedicalEquipmentTest@7cac93fe] output={null}]]]>
              </value>
            </param>
          </params>
          <reporter-output>
          </reporter-output>
        </test-method> <!-- afterTest -->
        <test-method status="PASS" signature="verify_AddMedicalEquipmentPopup()[pri:2, instance:com.vh.ui.tests.MedicalEquipmentTest@7cac93fe]" name="verify_AddMedicalEquipmentPopup" duration-ms="7758" started-at="2017-06-02T10:32:05Z" finished-at="2017-06-02T10:32:13Z">
          <reporter-output>
          </reporter-output>
        </test-method> <!-- verify_AddMedicalEquipmentPopup -->
        <test-method status="PASS" signature="afterTest(java.lang.reflect.Method, org.testng.ITestResult)[pri:0, instance:com.vh.ui.tests.MedicalEquipmentTest@7cac93fe]" name="afterTest" is-config="true" duration-ms="0" started-at="2017-06-02T10:32:13Z" finished-at="2017-06-02T10:32:13Z">
          <params>
            <param index="0">
              <value>
                <![CDATA[public void com.vh.ui.tests.MedicalEquipmentTest.verify_AddMedicalEquipmentPopup() throws com.vh.ui.exceptions.WaitException,com.vh.ui.exceptions.URLNavigationException,java.lang.InterruptedException]]>
              </value>
            </param>
            <param index="1">
              <value>
                <![CDATA[[TestResult name=verify_AddMedicalEquipmentPopup status=SUCCESS method=MedicalEquipmentTest.verify_AddMedicalEquipmentPopup()[pri:2, instance:com.vh.ui.tests.MedicalEquipmentTest@7cac93fe] output={null}]]]>
              </value>
            </param>
          </params>
          <reporter-output>
          </reporter-output>
        </test-method> <!-- afterTest -->
        <test-method status="PASS" signature="AddMedicalEquipment()[pri:3, instance:com.vh.ui.tests.MedicalEquipmentTest@7cac93fe]" name="AddMedicalEquipment" duration-ms="12275" started-at="2017-06-02T10:32:13Z" finished-at="2017-06-02T10:32:25Z">
          <reporter-output>
          </reporter-output>
        </test-method> <!-- AddMedicalEquipment -->
        <test-method status="PASS" signature="afterTest(java.lang.reflect.Method, org.testng.ITestResult)[pri:0, instance:com.vh.ui.tests.MedicalEquipmentTest@7cac93fe]" name="afterTest" is-config="true" duration-ms="1" started-at="2017-06-02T10:32:25Z" finished-at="2017-06-02T10:32:25Z">
          <params>
            <param index="0">
              <value>
                <![CDATA[public void com.vh.ui.tests.MedicalEquipmentTest.AddMedicalEquipment() throws com.vh.ui.exceptions.WaitException,com.vh.ui.exceptions.URLNavigationException,java.lang.InterruptedException]]>
              </value>
            </param>
            <param index="1">
              <value>
                <![CDATA[[TestResult name=AddMedicalEquipment status=SUCCESS method=MedicalEquipmentTest.AddMedicalEquipment()[pri:3, instance:com.vh.ui.tests.MedicalEquipmentTest@7cac93fe] output={null}]]]>
              </value>
            </param>
          </params>
          <reporter-output>
          </reporter-output>
        </test-method> <!-- afterTest -->
        <test-method status="PASS" signature="verify_EditableFields()[pri:4, instance:com.vh.ui.tests.MedicalEquipmentTest@7cac93fe]" name="verify_EditableFields" duration-ms="7" started-at="2017-06-02T10:32:25Z" finished-at="2017-06-02T10:32:25Z">
          <reporter-output>
          </reporter-output>
        </test-method> <!-- verify_EditableFields -->
        <test-method status="PASS" signature="tearDown()[pri:0, instance:com.vh.ui.tests.MedicalEquipmentTest@7cac93fe]" name="tearDown" is-config="true" duration-ms="1563" started-at="2017-06-02T10:32:25Z" finished-at="2017-06-02T10:32:27Z">
          <reporter-output>
          </reporter-output>
        </test-method> <!-- tearDown -->
        <test-method status="PASS" signature="afterTest(java.lang.reflect.Method, org.testng.ITestResult)[pri:0, instance:com.vh.ui.tests.MedicalEquipmentTest@7cac93fe]" name="afterTest" is-config="true" duration-ms="0" started-at="2017-06-02T10:32:25Z" finished-at="2017-06-02T10:32:25Z">
          <params>
            <param index="0">
              <value>
                <![CDATA[public void com.vh.ui.tests.MedicalEquipmentTest.verify_EditableFields() throws com.vh.ui.exceptions.WaitException,com.vh.ui.exceptions.URLNavigationException,java.lang.InterruptedException]]>
              </value>
            </param>
            <param index="1">
              <value>
                <![CDATA[[TestResult name=verify_EditableFields status=SUCCESS method=MedicalEquipmentTest.verify_EditableFields()[pri:4, instance:com.vh.ui.tests.MedicalEquipmentTest@7cac93fe] output={null}]]]>
              </value>
            </param>
          </params>
          <reporter-output>
          </reporter-output>
        </test-method> <!-- afterTest -->
      </class> <!-- com.vh.ui.tests.MedicalEquipmentTest -->
    </test> <!-- Default test -->
  </suite> <!-- Default suite -->
</testng-results>
