<?xml version="1.0" encoding="UTF-8"?>
<testng-results skipped="0" failed="0" total="1" passed="1">
  <reporter-output>
  </reporter-output>
  <suite name="Default suite" duration-ms="75339" started-at="2017-03-29T14:44:15Z" finished-at="2017-03-29T14:45:30Z">
    <groups>
    </groups>
    <test name="Default test" duration-ms="75339" started-at="2017-03-29T14:44:15Z" finished-at="2017-03-29T14:45:30Z">
      <class name="com.vh.ui.tests.UnitTest">
        <test-method status="PASS" signature="buildUp()[pri:0, instance:com.vh.ui.tests.UnitTest@345cbf40]" name="buildUp" is-config="true" duration-ms="4692" started-at="2017-03-29T09:44:15Z" finished-at="2017-03-29T09:44:20Z">
          <reporter-output>
          </reporter-output>
        </test-method> <!-- buildUp -->
        <test-method status="PASS" signature="verify_MenuBar_Options()[pri:1, instance:com.vh.ui.tests.UnitTest@345cbf40]" name="verify_MenuBar_Options" duration-ms="68307" started-at="2017-03-29T09:44:20Z" finished-at="2017-03-29T09:45:28Z">
          <reporter-output>
          </reporter-output>
        </test-method> <!-- verify_MenuBar_Options -->
        <test-method status="PASS" signature="afterTest(java.lang.reflect.Method, org.testng.ITestResult)[pri:0, instance:com.vh.ui.tests.UnitTest@345cbf40]" name="afterTest" is-config="true" duration-ms="12" started-at="2017-03-29T09:45:28Z" finished-at="2017-03-29T09:45:28Z">
          <params>
            <param index="0">
              <value>
                <![CDATA[public void com.vh.ui.tests.UnitTest.verify_MenuBar_Options() throws com.vh.ui.exceptions.WaitException,com.vh.ui.exceptions.URLNavigationException,java.lang.InterruptedException]]>
              </value>
            </param>
            <param index="1">
              <value>
                <![CDATA[[TestResult name=verify_MenuBar_Options status=SUCCESS method=UnitTest.verify_MenuBar_Options()[pri:1, instance:com.vh.ui.tests.UnitTest@345cbf40] output={null}]]]>
              </value>
            </param>
          </params>
          <reporter-output>
          </reporter-output>
        </test-method> <!-- afterTest -->
        <test-method status="PASS" signature="tearDown()[pri:0, instance:com.vh.ui.tests.UnitTest@345cbf40]" name="tearDown" is-config="true" duration-ms="2258" started-at="2017-03-29T09:45:28Z" finished-at="2017-03-29T09:45:30Z">
          <reporter-output>
          </reporter-output>
        </test-method> <!-- tearDown -->
      </class> <!-- com.vh.ui.tests.UnitTest -->
    </test> <!-- Default test -->
  </suite> <!-- Default suite -->
</testng-results>
