<?xml version="1.0" encoding="UTF-8"?>
<testng-results skipped="0" failed="0" total="3" passed="3">
  <reporter-output>
  </reporter-output>
  <suite name="Default suite" duration-ms="179181" started-at="2017-05-18T13:18:58Z" finished-at="2017-05-18T13:21:57Z">
    <groups>
    </groups>
    <test name="Default test" duration-ms="179181" started-at="2017-05-18T13:18:58Z" finished-at="2017-05-18T13:21:57Z">
      <class name="com.vh.ui.tests.MedicalEquipmentTest">
        <test-method status="PASS" signature="buildUp()[pri:0, instance:com.vh.ui.tests.MedicalEquipmentTest@b46e103]" name="buildUp" is-config="true" duration-ms="154708" started-at="2017-05-18T08:18:58Z" finished-at="2017-05-18T08:21:32Z">
          <reporter-output>
          </reporter-output>
        </test-method> <!-- buildUp -->
        <test-method status="PASS" signature="verify_PageDisplayed()[pri:1, instance:com.vh.ui.tests.MedicalEquipmentTest@b46e103]" name="verify_PageDisplayed" duration-ms="405" started-at="2017-05-18T08:21:32Z" finished-at="2017-05-18T08:21:33Z">
          <reporter-output>
          </reporter-output>
        </test-method> <!-- verify_PageDisplayed -->
        <test-method status="PASS" signature="afterTest(java.lang.reflect.Method, org.testng.ITestResult)[pri:0, instance:com.vh.ui.tests.MedicalEquipmentTest@b46e103]" name="afterTest" is-config="true" duration-ms="2" started-at="2017-05-18T08:21:33Z" finished-at="2017-05-18T08:21:33Z">
          <params>
            <param index="0">
              <value>
                <![CDATA[public void com.vh.ui.tests.MedicalEquipmentTest.verify_PageDisplayed() throws com.vh.ui.exceptions.WaitException,com.vh.ui.exceptions.URLNavigationException,java.lang.InterruptedException]]>
              </value>
            </param>
            <param index="1">
              <value>
                <![CDATA[[TestResult name=verify_PageDisplayed status=SUCCESS method=MedicalEquipmentTest.verify_PageDisplayed()[pri:1, instance:com.vh.ui.tests.MedicalEquipmentTest@b46e103] output={null}]]]>
              </value>
            </param>
          </params>
          <reporter-output>
          </reporter-output>
        </test-method> <!-- afterTest -->
        <test-method status="PASS" signature="verify_ColumnHeadersDisplayed()[pri:2, instance:com.vh.ui.tests.MedicalEquipmentTest@b46e103]" name="verify_ColumnHeadersDisplayed" duration-ms="1930" started-at="2017-05-18T08:21:33Z" finished-at="2017-05-18T08:21:35Z">
          <reporter-output>
          </reporter-output>
        </test-method> <!-- verify_ColumnHeadersDisplayed -->
        <test-method status="PASS" signature="afterTest(java.lang.reflect.Method, org.testng.ITestResult)[pri:0, instance:com.vh.ui.tests.MedicalEquipmentTest@b46e103]" name="afterTest" is-config="true" duration-ms="0" started-at="2017-05-18T08:21:35Z" finished-at="2017-05-18T08:21:35Z">
          <params>
            <param index="0">
              <value>
                <![CDATA[public void com.vh.ui.tests.MedicalEquipmentTest.verify_ColumnHeadersDisplayed() throws com.vh.ui.exceptions.WaitException,com.vh.ui.exceptions.URLNavigationException,java.lang.InterruptedException]]>
              </value>
            </param>
            <param index="1">
              <value>
                <![CDATA[[TestResult name=verify_ColumnHeadersDisplayed status=SUCCESS method=MedicalEquipmentTest.verify_ColumnHeadersDisplayed()[pri:2, instance:com.vh.ui.tests.MedicalEquipmentTest@b46e103] output={null}]]]>
              </value>
            </param>
          </params>
          <reporter-output>
          </reporter-output>
        </test-method> <!-- afterTest -->
        <test-method status="PASS" signature="verify_AddMedicalEquipment()[pri:3, instance:com.vh.ui.tests.MedicalEquipmentTest@b46e103]" name="verify_AddMedicalEquipment" duration-ms="20749" started-at="2017-05-18T08:21:35Z" finished-at="2017-05-18T08:21:55Z">
          <reporter-output>
          </reporter-output>
        </test-method> <!-- verify_AddMedicalEquipment -->
        <test-method status="PASS" signature="afterTest(java.lang.reflect.Method, org.testng.ITestResult)[pri:0, instance:com.vh.ui.tests.MedicalEquipmentTest@b46e103]" name="afterTest" is-config="true" duration-ms="0" started-at="2017-05-18T08:21:55Z" finished-at="2017-05-18T08:21:55Z">
          <params>
            <param index="0">
              <value>
                <![CDATA[public void com.vh.ui.tests.MedicalEquipmentTest.verify_AddMedicalEquipment() throws com.vh.ui.exceptions.WaitException,com.vh.ui.exceptions.URLNavigationException,java.lang.InterruptedException]]>
              </value>
            </param>
            <param index="1">
              <value>
                <![CDATA[[TestResult name=verify_AddMedicalEquipment status=SUCCESS method=MedicalEquipmentTest.verify_AddMedicalEquipment()[pri:3, instance:com.vh.ui.tests.MedicalEquipmentTest@b46e103] output={null}]]]>
              </value>
            </param>
          </params>
          <reporter-output>
          </reporter-output>
        </test-method> <!-- afterTest -->
        <test-method status="PASS" signature="tearDown()[pri:0, instance:com.vh.ui.tests.MedicalEquipmentTest@b46e103]" name="tearDown" is-config="true" duration-ms="1309" started-at="2017-05-18T08:21:55Z" finished-at="2017-05-18T08:21:57Z">
          <reporter-output>
          </reporter-output>
        </test-method> <!-- tearDown -->
      </class> <!-- com.vh.ui.tests.MedicalEquipmentTest -->
    </test> <!-- Default test -->
  </suite> <!-- Default suite -->
</testng-results>
