<?xml version="1.0" encoding="UTF-8"?>
<testng-results skipped="0" failed="0" total="2" passed="2">
  <reporter-output>
  </reporter-output>
  <suite name="Default suite" duration-ms="145092" started-at="2017-07-10T14:42:21Z" finished-at="2017-07-10T14:44:47Z">
    <groups>
    </groups>
    <test name="Default test" duration-ms="145092" started-at="2017-07-10T14:42:21Z" finished-at="2017-07-10T14:44:47Z">
      <class name="com.vh.ui.tests.CurrentLabsTest">
        <test-method status="PASS" signature="buildUp()[pri:0, instance:com.vh.ui.tests.CurrentLabsTest@2753316c]" name="buildUp" is-config="true" duration-ms="96479" started-at="2017-07-10T09:42:22Z" finished-at="2017-07-10T09:43:58Z">
          <reporter-output>
          </reporter-output>
        </test-method> <!-- buildUp -->
        <test-method status="PASS" signature="verify_CurrentLabsPage()[pri:1, instance:com.vh.ui.tests.CurrentLabsTest@2753316c]" name="verify_CurrentLabsPage" duration-ms="1882" started-at="2017-07-10T09:43:58Z" finished-at="2017-07-10T09:44:00Z">
          <reporter-output>
          </reporter-output>
        </test-method> <!-- verify_CurrentLabsPage -->
        <test-method status="PASS" signature="afterTest(java.lang.reflect.Method, org.testng.ITestResult)[pri:0, instance:com.vh.ui.tests.CurrentLabsTest@2753316c]" name="afterTest" is-config="true" duration-ms="2" started-at="2017-07-10T09:44:00Z" finished-at="2017-07-10T09:44:00Z">
          <params>
            <param index="0">
              <value>
                <![CDATA[public void com.vh.ui.tests.CurrentLabsTest.verify_CurrentLabsPage() throws com.vh.ui.exceptions.WaitException,com.vh.ui.exceptions.URLNavigationException,java.lang.InterruptedException]]>
              </value>
            </param>
            <param index="1">
              <value>
                <![CDATA[[TestResult name=verify_CurrentLabsPage status=SUCCESS method=CurrentLabsTest.verify_CurrentLabsPage()[pri:1, instance:com.vh.ui.tests.CurrentLabsTest@2753316c] output={null}]]]>
              </value>
            </param>
          </params>
          <reporter-output>
          </reporter-output>
        </test-method> <!-- afterTest -->
        <test-method status="PASS" signature="verify_AddPopupValidationCKD()[pri:3, instance:com.vh.ui.tests.CurrentLabsTest@2753316c]" name="verify_AddPopupValidationCKD" duration-ms="46652" started-at="2017-07-10T09:44:00Z" finished-at="2017-07-10T09:44:47Z">
          <reporter-output>
          </reporter-output>
        </test-method> <!-- verify_AddPopupValidationCKD -->
        <test-method status="PASS" signature="afterTest(java.lang.reflect.Method, org.testng.ITestResult)[pri:0, instance:com.vh.ui.tests.CurrentLabsTest@2753316c]" name="afterTest" is-config="true" duration-ms="0" started-at="2017-07-10T09:44:47Z" finished-at="2017-07-10T09:44:47Z">
          <params>
            <param index="0">
              <value>
                <![CDATA[public void com.vh.ui.tests.CurrentLabsTest.verify_AddPopupValidationCKD() throws com.vh.ui.exceptions.WaitException,com.vh.ui.exceptions.URLNavigationException,java.lang.InterruptedException]]>
              </value>
            </param>
            <param index="1">
              <value>
                <![CDATA[[TestResult name=verify_AddPopupValidationCKD status=SUCCESS method=CurrentLabsTest.verify_AddPopupValidationCKD()[pri:3, instance:com.vh.ui.tests.CurrentLabsTest@2753316c] output={null}]]]>
              </value>
            </param>
          </params>
          <reporter-output>
          </reporter-output>
        </test-method> <!-- afterTest -->
        <test-method status="PASS" signature="tearDown()[pri:0, instance:com.vh.ui.tests.CurrentLabsTest@2753316c]" name="tearDown" is-config="true" duration-ms="0" started-at="2017-07-10T09:44:47Z" finished-at="2017-07-10T09:44:47Z">
          <reporter-output>
          </reporter-output>
        </test-method> <!-- tearDown -->
      </class> <!-- com.vh.ui.tests.CurrentLabsTest -->
    </test> <!-- Default test -->
  </suite> <!-- Default suite -->
</testng-results>
