<?xml version="1.0" encoding="UTF-8"?>
<testng-results skipped="0" failed="0" total="1" passed="1">
  <reporter-output>
  </reporter-output>
  <suite name="Default suite" duration-ms="110212" started-at="2017-07-05T18:55:13Z" finished-at="2017-07-05T18:57:03Z">
    <groups>
    </groups>
    <test name="Default test" duration-ms="110212" started-at="2017-07-05T18:55:13Z" finished-at="2017-07-05T18:57:03Z">
      <class name="com.vh.ui.tests.PatientNavigationTest">
        <test-method status="PASS" signature="buildUp()[pri:0, instance:com.vh.ui.tests.PatientNavigationTest@748f93bb]" name="buildUp" is-config="true" duration-ms="78596" started-at="2017-07-05T13:55:13Z" finished-at="2017-07-05T13:56:32Z">
          <reporter-output>
          </reporter-output>
        </test-method> <!-- buildUp -->
        <test-method status="PASS" signature="verify_LeftNavigationPane()[pri:1, instance:com.vh.ui.tests.PatientNavigationTest@748f93bb]" name="verify_LeftNavigationPane" duration-ms="29782" started-at="2017-07-05T13:56:32Z" finished-at="2017-07-05T13:57:02Z">
          <reporter-output>
          </reporter-output>
        </test-method> <!-- verify_LeftNavigationPane -->
        <test-method status="PASS" signature="afterTest(java.lang.reflect.Method, org.testng.ITestResult)[pri:0, instance:com.vh.ui.tests.PatientNavigationTest@748f93bb]" name="afterTest" is-config="true" duration-ms="7" started-at="2017-07-05T13:57:02Z" finished-at="2017-07-05T13:57:02Z">
          <params>
            <param index="0">
              <value>
                <![CDATA[public void com.vh.ui.tests.PatientNavigationTest.verify_LeftNavigationPane() throws com.vh.ui.exceptions.WaitException,com.vh.ui.exceptions.URLNavigationException,java.lang.InterruptedException]]>
              </value>
            </param>
            <param index="1">
              <value>
                <![CDATA[[TestResult name=verify_LeftNavigationPane status=SUCCESS method=PatientNavigationTest.verify_LeftNavigationPane()[pri:1, instance:com.vh.ui.tests.PatientNavigationTest@748f93bb] output={null}]]]>
              </value>
            </param>
          </params>
          <reporter-output>
          </reporter-output>
        </test-method> <!-- afterTest -->
        <test-method status="PASS" signature="tearDown()[pri:0, instance:com.vh.ui.tests.PatientNavigationTest@748f93bb]" name="tearDown" is-config="true" duration-ms="1754" started-at="2017-07-05T13:57:02Z" finished-at="2017-07-05T13:57:03Z">
          <reporter-output>
          </reporter-output>
        </test-method> <!-- tearDown -->
      </class> <!-- com.vh.ui.tests.PatientNavigationTest -->
    </test> <!-- Default test -->
  </suite> <!-- Default suite -->
</testng-results>
