<?xml version="1.0" encoding="UTF-8"?>
<testng-results skipped="0" failed="0" total="1" passed="1">
  <reporter-output>
  </reporter-output>
  <suite name="Default suite" duration-ms="140629" started-at="2017-07-26T18:22:37Z" finished-at="2017-07-26T18:24:57Z">
    <groups>
    </groups>
    <test name="Default test" duration-ms="140629" started-at="2017-07-26T18:22:37Z" finished-at="2017-07-26T18:24:57Z">
      <class name="com.vh.ui.tests.CurrentLabsTest">
        <test-method status="PASS" signature="buildUp()[pri:0, instance:com.vh.ui.tests.CurrentLabsTest@fb5aeed]" name="buildUp" is-config="true" duration-ms="88414" started-at="2017-07-26T13:22:37Z" finished-at="2017-07-26T13:24:05Z">
          <reporter-output>
          </reporter-output>
        </test-method> <!-- buildUp -->
        <test-method status="PASS" signature="verify_AddingLabs(java.util.Map)[pri:4, instance:com.vh.ui.tests.CurrentLabsTest@fb5aeed]" name="verify_AddingLabs" duration-ms="48754" started-at="2017-07-26T13:24:06Z" data-provider="CapellaDataProvider" finished-at="2017-07-26T13:24:55Z">
          <params>
            <param index="0">
              <value>
                <![CDATA[{CALCIUMXPHOSPHOROUS=null, BLOODPRESSUREDIASTOLIC=null, PatientType=CKD, CKDStage=3, APPLYTHISDATETOALLVALUES=0, HGB=14, TARGETDRYWEIGHT=null, CheckValidation=N, PatientName=Glayds Whoriskey, HEIGHT=null, WEIGHT=null}]]>
              </value>
            </param>
          </params>
          <reporter-output>
          </reporter-output>
        </test-method> <!-- verify_AddingLabs -->
        <test-method status="PASS" signature="afterTest(java.lang.reflect.Method, org.testng.ITestResult)[pri:0, instance:com.vh.ui.tests.CurrentLabsTest@fb5aeed]" name="afterTest" is-config="true" duration-ms="6" started-at="2017-07-26T13:24:55Z" finished-at="2017-07-26T13:24:55Z">
          <params>
            <param index="0">
              <value>
                <![CDATA[public void com.vh.ui.tests.CurrentLabsTest.verify_AddingLabs(java.util.Map) throws com.vh.ui.exceptions.WaitException,com.vh.ui.exceptions.URLNavigationException,java.lang.InterruptedException]]>
              </value>
            </param>
            <param index="1">
              <value>
                <![CDATA[[TestResult name=verify_AddingLabs status=SUCCESS method=CurrentLabsTest.verify_AddingLabs(java.util.Map)[pri:4, instance:com.vh.ui.tests.CurrentLabsTest@fb5aeed] output={null}]]]>
              </value>
            </param>
          </params>
          <reporter-output>
          </reporter-output>
        </test-method> <!-- afterTest -->
        <test-method status="PASS" signature="tearDown()[pri:0, instance:com.vh.ui.tests.CurrentLabsTest@fb5aeed]" name="tearDown" is-config="true" duration-ms="2598" started-at="2017-07-26T13:24:55Z" finished-at="2017-07-26T13:24:57Z">
          <reporter-output>
          </reporter-output>
        </test-method> <!-- tearDown -->
      </class> <!-- com.vh.ui.tests.CurrentLabsTest -->
    </test> <!-- Default test -->
  </suite> <!-- Default suite -->
</testng-results>
