<?xml version="1.0" encoding="UTF-8"?>
<!-- Generated by org.testng.reporters.JUnitXMLReporter -->
<testsuite hostname="DVA-F0L9N9R-L" name="Default test" tests="4" failures="0" timestamp="31 May 2017 20:04:48 GMT" time="209.278" errors="0">
  <testcase name="verify_MedicalEquipmentPage" time="2.023" classname="com.vh.ui.tests.MedicalEquipmentTest"/>
  <testcase name="verify_AddMedicalEquipmentPopup" time="133.771" classname="com.vh.ui.tests.MedicalEquipmentTest"/>
  <testcase name="AddMedicalEquipment" time="9.401" classname="com.vh.ui.tests.MedicalEquipmentTest"/>
  <testcase name="verify_EditableFields" time="0.007" classname="com.vh.ui.tests.MedicalEquipmentTest"/>
</testsuite> <!-- Default test -->
