<?xml version="1.0" encoding="UTF-8"?>
<!-- Generated by org.testng.reporters.JUnitXMLReporter -->
<testsuite hostname="DVA-F0L9N9R-L" name="Default test" tests="4" failures="0" timestamp="6 Jun 2017 13:33:53 GMT" time="78.143" errors="0">
  <testcase name="verify_MedicalEquipmentPage" time="1.915" classname="com.vh.ui.tests.MedicalEquipmentTest"/>
  <testcase name="verify_AddMedicalEquipmentPopup" time="12.827" classname="com.vh.ui.tests.MedicalEquipmentTest"/>
  <testcase name="AddMedicalEquipment" time="4.531" classname="com.vh.ui.tests.MedicalEquipmentTest"/>
  <testcase name="verify_EditableFields" time="0.011" classname="com.vh.ui.tests.MedicalEquipmentTest"/>
</testsuite> <!-- Default test -->
