<?xml version="1.0" encoding="UTF-8"?>
<!-- Generated by org.testng.reporters.JUnitXMLReporter -->
<testsuite hostname="WINDOWS-QR0QHM0" name="APIPPOC" tests="3" failures="0" timestamp="23 Jan 2017 20:28:18 GMT" time="19.846" errors="0">
  <testcase name="getTermDetails" time="14.07" classname="com.vh.api.test.CKDTest"/>
  <testcase name="getTermDetails" time="0.44" classname="com.vh.api.test.CKDTest"/>
  <testcase name="validateAllApiCalls" time="4.948" classname="com.vh.api.test.APITest"/>
</testsuite> <!-- APIPPOC -->
